<?xml version="1.0" encoding="UTF-8"?>
<!-- Generated by org.testng.reporters.JUnitXMLReporter -->
<testsuite ignored="0" hostname="DESKTOP-BKTF0GS" failures="0" tests="6024" name="Test" time="3.115" errors="0" timestamp="23 Jul 2020 06:16:11 GMT">
  <testcase classname="test.LinksFromMagentoSiteMapTestParallel" name="@BeforeTest setup" time="0.041">
    <failure type="java.lang.IllegalStateException" message="The path to the driver executable must be set by the webdriver.chrome.driver system property; for more information, see https://github.com/SeleniumHQ/selenium/wiki/ChromeDriver. The latest version can be downloaded from http://chromedriver.storage.googleapis.com/index.html">
      <![CDATA[java.lang.IllegalStateException: The path to the driver executable must be set by the webdriver.chrome.driver system property; for more information, see https://github.com/SeleniumHQ/selenium/wiki/ChromeDriver. The latest version can be downloaded from http://chromedriver.storage.googleapis.com/index.html
at com.google.common.base.Preconditions.checkState(Preconditions.java:847)
at org.openqa.selenium.remote.service.DriverService.findExecutable(DriverService.java:134)
at org.openqa.selenium.chrome.ChromeDriverService.access$000(ChromeDriverService.java:35)
at org.openqa.selenium.chrome.ChromeDriverService$Builder.findDefaultExecutable(ChromeDriverService.java:159)
at org.openqa.selenium.remote.service.DriverService$Builder.build(DriverService.java:355)
at org.openqa.selenium.chrome.ChromeDriverService.createDefaultService(ChromeDriverService.java:94)
at org.openqa.selenium.chrome.ChromeDriver.<init>(ChromeDriver.java:157)
at test.LinksFromMagentoSiteMapTestParallel.setup(LinksFromMagentoSiteMapTestParallel.java:56)
... Removed 24 stack frames]]>
    </failure>
  </testcase> <!-- @BeforeTest setup -->
  <testcase classname="test.LinksFromMagentoSiteMapTestParallel" name="@BeforeClass driverSetup" time="0.0">
    <skipped/>
  </testcase> <!-- @BeforeClass driverSetup -->
  <testcase classname="test.LinksFromMagentoSiteMapTestParallel" name="test" time="0.0">
    <skipped/>
  </testcase> <!-- test -->
  <testcase classname="test.LinksFromMagentoSiteMapTestParallel" name="test" time="0.0">
    <skipped/>
  </testcase> <!-- test -->
  <testcase classname="test.LinksFromMagentoSiteMapTestParallel" name="test" time="0.0">
    <skipped/>
  </testcase> <!-- test -->
  <testcase classname="test.LinksFromMagentoSiteMapTestParallel" name="test" time="0.0">
    <skipped/>
  </testcase> <!-- test -->
  <testcase classname="test.LinksFromMagentoSiteMapTestParallel" name="test" time="0.0">
    <skipped/>
  </testcase> <!-- test -->
  <testcase classname="test.LinksFromMagentoSiteMapTestParallel" name="test" time="0.0">
    <skipped/>
  </testcase> <!-- test -->
  <testcase classname="test.LinksFromMagentoSiteMapTestParallel" name="test" time="0.0">
    <skipped/>
  </testcase> <!-- test -->
  <testcase classname="test.LinksFromMagentoSiteMapTestParallel" name="test" time="0.0">
    <skipped/>
  </testcase> <!-- test -->
  <testcase classname="test.LinksFromMagentoSiteMapTestParallel" name="test" time="0.0">
    <skipped/>
  </testcase> <!-- test -->
  <testcase classname="test.LinksFromMagentoSiteMapTestParallel" name="test" time="0.0">
    <skipped/>
  </testcase> <!-- test -->
  <testcase classname="test.LinksFromMagentoSiteMapTestParallel" name="test" time="0.0">
    <skipped/>
  </testcase> <!-- test -->
  <testcase classname="test.LinksFromMagentoSiteMapTestParallel" name="test" time="0.0">
    <skipped/>
  </testcase> <!-- test -->
  <testcase classname="test.LinksFromMagentoSiteMapTestParallel" name="test" time="0.0">
    <skipped/>
  </testcase> <!-- test -->
  <testcase classname="test.LinksFromMagentoSiteMapTestParallel" name="test" time="0.0">
    <skipped/>
  </testcase> <!-- test -->
  <testcase classname="test.LinksFromMagentoSiteMapTestParallel" name="test" time="0.0">
    <skipped/>
  </testcase> <!-- test -->
  <testcase classname="test.LinksFromMagentoSiteMapTestParallel" name="test" time="0.0">
    <skipped/>
  </testcase> <!-- test -->
  <testcase classname="test.LinksFromMagentoSiteMapTestParallel" name="test" time="0.0">
    <skipped/>
  </testcase> <!-- test -->
  <testcase classname="test.LinksFromMagentoSiteMapTestParallel" name="test" time="0.0">
    <skipped/>
  </testcase> <!-- test -->
  <testcase classname="test.LinksFromMagentoSiteMapTestParallel" name="test" time="0.0">
    <skipped/>
  </testcase> <!-- test -->
  <testcase classname="test.LinksFromMagentoSiteMapTestParallel" name="test" time="0.0">
    <skipped/>
  </testcase> <!-- test -->
  <testcase classname="test.LinksFromMagentoSiteMapTestParallel" name="test" time="0.0">
    <skipped/>
  </testcase> <!-- test -->
  <testcase classname="test.LinksFromMagentoSiteMapTestParallel" name="test" time="0.0">
    <skipped/>
  </testcase> <!-- test -->
  <testcase classname="test.LinksFromMagentoSiteMapTestParallel" name="test" time="0.0">
    <skipped/>
  </testcase> <!-- test -->
  <testcase classname="test.LinksFromMagentoSiteMapTestParallel" name="test" time="0.0">
    <skipped/>
  </testcase> <!-- test -->
  <testcase classname="test.LinksFromMagentoSiteMapTestParallel" name="test" time="0.0">
    <skipped/>
  </testcase> <!-- test -->
  <testcase classname="test.LinksFromMagentoSiteMapTestParallel" name="test" time="0.0">
    <skipped/>
  </testcase> <!-- test -->
  <testcase classname="test.LinksFromMagentoSiteMapTestParallel" name="test" time="0.0">
    <skipped/>
  </testcase> <!-- test -->
  <testcase classname="test.LinksFromMagentoSiteMapTestParallel" name="test" time="0.0">
    <skipped/>
  </testcase> <!-- test -->
  <testcase classname="test.LinksFromMagentoSiteMapTestParallel" name="test" time="0.0">
    <skipped/>
  </testcase> <!-- test -->
  <testcase classname="test.LinksFromMagentoSiteMapTestParallel" name="test" time="0.0">
    <skipped/>
  </testcase> <!-- test -->
  <testcase classname="test.LinksFromMagentoSiteMapTestParallel" name="test" time="0.0">
    <skipped/>
  </testcase> <!-- test -->
  <testcase classname="test.LinksFromMagentoSiteMapTestParallel" name="test" time="0.0">
    <skipped/>
  </testcase> <!-- test -->
  <testcase classname="test.LinksFromMagentoSiteMapTestParallel" name="test" time="0.0">
    <skipped/>
  </testcase> <!-- test -->
  <testcase classname="test.LinksFromMagentoSiteMapTestParallel" name="test" time="0.0">
    <skipped/>
  </testcase> <!-- test -->
  <testcase classname="test.LinksFromMagentoSiteMapTestParallel" name="test" time="0.0">
    <skipped/>
  </testcase> <!-- test -->
  <testcase classname="test.LinksFromMagentoSiteMapTestParallel" name="test" time="0.0">
    <skipped/>
  </testcase> <!-- test -->
  <testcase classname="test.LinksFromMagentoSiteMapTestParallel" name="test" time="0.0">
    <skipped/>
  </testcase> <!-- test -->
  <testcase classname="test.LinksFromMagentoSiteMapTestParallel" name="test" time="0.0">
    <skipped/>
  </testcase> <!-- test -->
  <testcase classname="test.LinksFromMagentoSiteMapTestParallel" name="test" time="0.0">
    <skipped/>
  </testcase> <!-- test -->
  <testcase classname="test.LinksFromMagentoSiteMapTestParallel" name="test" time="0.0">
    <skipped/>
  </testcase> <!-- test -->
  <testcase classname="test.LinksFromMagentoSiteMapTestParallel" name="test" time="0.0">
    <skipped/>
  </testcase> <!-- test -->
  <testcase classname="test.LinksFromMagentoSiteMapTestParallel" name="test" time="0.0">
    <skipped/>
  </testcase> <!-- test -->
  <testcase classname="test.LinksFromMagentoSiteMapTestParallel" name="test" time="0.0">
    <skipped/>
  </testcase> <!-- test -->
  <testcase classname="test.LinksFromMagentoSiteMapTestParallel" name="test" time="0.0">
    <skipped/>
  </testcase> <!-- test -->
  <testcase classname="test.LinksFromMagentoSiteMapTestParallel" name="test" time="0.0">
    <skipped/>
  </testcase> <!-- test -->
  <testcase classname="test.LinksFromMagentoSiteMapTestParallel" name="test" time="0.0">
    <skipped/>
  </testcase> <!-- test -->
  <testcase classname="test.LinksFromMagentoSiteMapTestParallel" name="test" time="0.0">
    <skipped/>
  </testcase> <!-- test -->
  <testcase classname="test.LinksFromMagentoSiteMapTestParallel" name="test" time="0.0">
    <skipped/>
  </testcase> <!-- test -->
  <testcase classname="test.LinksFromMagentoSiteMapTestParallel" name="test" time="0.0">
    <skipped/>
  </testcase> <!-- test -->
  <testcase classname="test.LinksFromMagentoSiteMapTestParallel" name="test" time="0.0">
    <skipped/>
  </testcase> <!-- test -->
  <testcase classname="test.LinksFromMagentoSiteMapTestParallel" name="test" time="0.0">
    <skipped/>
  </testcase> <!-- test -->
  <testcase classname="test.LinksFromMagentoSiteMapTestParallel" name="test" time="0.0">
    <skipped/>
  </testcase> <!-- test -->
  <testcase classname="test.LinksFromMagentoSiteMapTestParallel" name="test" time="0.0">
    <skipped/>
  </testcase> <!-- test -->
  <testcase classname="test.LinksFromMagentoSiteMapTestParallel" name="test" time="0.0">
    <skipped/>
  </testcase> <!-- test -->
  <testcase classname="test.LinksFromMagentoSiteMapTestParallel" name="test" time="0.0">
    <skipped/>
  </testcase> <!-- test -->
  <testcase classname="test.LinksFromMagentoSiteMapTestParallel" name="test" time="0.0">
    <skipped/>
  </testcase> <!-- test -->
  <testcase classname="test.LinksFromMagentoSiteMapTestParallel" name="test" time="0.0">
    <skipped/>
  </testcase> <!-- test -->
  <testcase classname="test.LinksFromMagentoSiteMapTestParallel" name="test" time="0.0">
    <skipped/>
  </testcase> <!-- test -->
  <testcase classname="test.LinksFromMagentoSiteMapTestParallel" name="test" time="0.0">
    <skipped/>
  </testcase> <!-- test -->
  <testcase classname="test.LinksFromMagentoSiteMapTestParallel" name="test" time="0.0">
    <skipped/>
  </testcase> <!-- test -->
  <testcase classname="test.LinksFromMagentoSiteMapTestParallel" name="test" time="0.0">
    <skipped/>
  </testcase> <!-- test -->
  <testcase classname="test.LinksFromMagentoSiteMapTestParallel" name="test" time="0.0">
    <skipped/>
  </testcase> <!-- test -->
  <testcase classname="test.LinksFromMagentoSiteMapTestParallel" name="test" time="0.0">
    <skipped/>
  </testcase> <!-- test -->
  <testcase classname="test.LinksFromMagentoSiteMapTestParallel" name="test" time="0.0">
    <skipped/>
  </testcase> <!-- test -->
  <testcase classname="test.LinksFromMagentoSiteMapTestParallel" name="test" time="0.0">
    <skipped/>
  </testcase> <!-- test -->
  <testcase classname="test.LinksFromMagentoSiteMapTestParallel" name="test" time="0.0">
    <skipped/>
  </testcase> <!-- test -->
  <testcase classname="test.LinksFromMagentoSiteMapTestParallel" name="test" time="0.0">
    <skipped/>
  </testcase> <!-- test -->
  <testcase classname="test.LinksFromMagentoSiteMapTestParallel" name="test" time="0.0">
    <skipped/>
  </testcase> <!-- test -->
  <testcase classname="test.LinksFromMagentoSiteMapTestParallel" name="test" time="0.0">
    <skipped/>
  </testcase> <!-- test -->
  <testcase classname="test.LinksFromMagentoSiteMapTestParallel" name="test" time="0.0">
    <skipped/>
  </testcase> <!-- test -->
  <testcase classname="test.LinksFromMagentoSiteMapTestParallel" name="test" time="0.0">
    <skipped/>
  </testcase> <!-- test -->
  <testcase classname="test.LinksFromMagentoSiteMapTestParallel" name="test" time="0.0">
    <skipped/>
  </testcase> <!-- test -->
  <testcase classname="test.LinksFromMagentoSiteMapTestParallel" name="test" time="0.0">
    <skipped/>
  </testcase> <!-- test -->
  <testcase classname="test.LinksFromMagentoSiteMapTestParallel" name="test" time="0.0">
    <skipped/>
  </testcase> <!-- test -->
  <testcase classname="test.LinksFromMagentoSiteMapTestParallel" name="test" time="0.0">
    <skipped/>
  </testcase> <!-- test -->
  <testcase classname="test.LinksFromMagentoSiteMapTestParallel" name="test" time="0.0">
    <skipped/>
  </testcase> <!-- test -->
  <testcase classname="test.LinksFromMagentoSiteMapTestParallel" name="test" time="0.0">
    <skipped/>
  </testcase> <!-- test -->
  <testcase classname="test.LinksFromMagentoSiteMapTestParallel" name="test" time="0.0">
    <skipped/>
  </testcase> <!-- test -->
  <testcase classname="test.LinksFromMagentoSiteMapTestParallel" name="test" time="0.0">
    <skipped/>
  </testcase> <!-- test -->
  <testcase classname="test.LinksFromMagentoSiteMapTestParallel" name="test" time="0.001">
    <skipped/>
  </testcase> <!-- test -->
  <testcase classname="test.LinksFromMagentoSiteMapTestParallel" name="test" time="0.0">
    <skipped/>
  </testcase> <!-- test -->
  <testcase classname="test.LinksFromMagentoSiteMapTestParallel" name="test" time="0.0">
    <skipped/>
  </testcase> <!-- test -->
  <testcase classname="test.LinksFromMagentoSiteMapTestParallel" name="test" time="0.0">
    <skipped/>
  </testcase> <!-- test -->
  <testcase classname="test.LinksFromMagentoSiteMapTestParallel" name="test" time="0.0">
    <skipped/>
  </testcase> <!-- test -->
  <testcase classname="test.LinksFromMagentoSiteMapTestParallel" name="test" time="0.0">
    <skipped/>
  </testcase> <!-- test -->
  <testcase classname="test.LinksFromMagentoSiteMapTestParallel" name="test" time="0.0">
    <skipped/>
  </testcase> <!-- test -->
  <testcase classname="test.LinksFromMagentoSiteMapTestParallel" name="test" time="0.0">
    <skipped/>
  </testcase> <!-- test -->
  <testcase classname="test.LinksFromMagentoSiteMapTestParallel" name="test" time="0.0">
    <skipped/>
  </testcase> <!-- test -->
  <testcase classname="test.LinksFromMagentoSiteMapTestParallel" name="test" time="0.0">
    <skipped/>
  </testcase> <!-- test -->
  <testcase classname="test.LinksFromMagentoSiteMapTestParallel" name="test" time="0.0">
    <skipped/>
  </testcase> <!-- test -->
  <testcase classname="test.LinksFromMagentoSiteMapTestParallel" name="test" time="0.0">
    <skipped/>
  </testcase> <!-- test -->
  <testcase classname="test.LinksFromMagentoSiteMapTestParallel" name="test" time="0.0">
    <skipped/>
  </testcase> <!-- test -->
  <testcase classname="test.LinksFromMagentoSiteMapTestParallel" name="test" time="0.0">
    <skipped/>
  </testcase> <!-- test -->
  <testcase classname="test.LinksFromMagentoSiteMapTestParallel" name="test" time="0.0">
    <skipped/>
  </testcase> <!-- test -->
  <testcase classname="test.LinksFromMagentoSiteMapTestParallel" name="test" time="0.0">
    <skipped/>
  </testcase> <!-- test -->
  <testcase classname="test.LinksFromMagentoSiteMapTestParallel" name="test" time="0.0">
    <skipped/>
  </testcase> <!-- test -->
  <testcase classname="test.LinksFromMagentoSiteMapTestParallel" name="test" time="0.0">
    <skipped/>
  </testcase> <!-- test -->
  <testcase classname="test.LinksFromMagentoSiteMapTestParallel" name="test" time="0.0">
    <skipped/>
  </testcase> <!-- test -->
  <testcase classname="test.LinksFromMagentoSiteMapTestParallel" name="test" time="0.0">
    <skipped/>
  </testcase> <!-- test -->
  <testcase classname="test.LinksFromMagentoSiteMapTestParallel" name="test" time="0.0">
    <skipped/>
  </testcase> <!-- test -->
  <testcase classname="test.LinksFromMagentoSiteMapTestParallel" name="test" time="0.0">
    <skipped/>
  </testcase> <!-- test -->
  <testcase classname="test.LinksFromMagentoSiteMapTestParallel" name="test" time="0.0">
    <skipped/>
  </testcase> <!-- test -->
  <testcase classname="test.LinksFromMagentoSiteMapTestParallel" name="test" time="0.0">
    <skipped/>
  </testcase> <!-- test -->
  <testcase classname="test.LinksFromMagentoSiteMapTestParallel" name="test" time="0.0">
    <skipped/>
  </testcase> <!-- test -->
  <testcase classname="test.LinksFromMagentoSiteMapTestParallel" name="test" time="0.0">
    <skipped/>
  </testcase> <!-- test -->
  <testcase classname="test.LinksFromMagentoSiteMapTestParallel" name="test" time="0.0">
    <skipped/>
  </testcase> <!-- test -->
  <testcase classname="test.LinksFromMagentoSiteMapTestParallel" name="test" time="0.0">
    <skipped/>
  </testcase> <!-- test -->
  <testcase classname="test.LinksFromMagentoSiteMapTestParallel" name="test" time="0.0">
    <skipped/>
  </testcase> <!-- test -->
  <testcase classname="test.LinksFromMagentoSiteMapTestParallel" name="test" time="0.0">
    <skipped/>
  </testcase> <!-- test -->
  <testcase classname="test.LinksFromMagentoSiteMapTestParallel" name="test" time="0.0">
    <skipped/>
  </testcase> <!-- test -->
  <testcase classname="test.LinksFromMagentoSiteMapTestParallel" name="test" time="0.0">
    <skipped/>
  </testcase> <!-- test -->
  <testcase classname="test.LinksFromMagentoSiteMapTestParallel" name="test" time="0.0">
    <skipped/>
  </testcase> <!-- test -->
  <testcase classname="test.LinksFromMagentoSiteMapTestParallel" name="test" time="0.0">
    <skipped/>
  </testcase> <!-- test -->
  <testcase classname="test.LinksFromMagentoSiteMapTestParallel" name="test" time="0.0">
    <skipped/>
  </testcase> <!-- test -->
  <testcase classname="test.LinksFromMagentoSiteMapTestParallel" name="test" time="0.0">
    <skipped/>
  </testcase> <!-- test -->
  <testcase classname="test.LinksFromMagentoSiteMapTestParallel" name="test" time="0.0">
    <skipped/>
  </testcase> <!-- test -->
  <testcase classname="test.LinksFromMagentoSiteMapTestParallel" name="test" time="0.0">
    <skipped/>
  </testcase> <!-- test -->
  <testcase classname="test.LinksFromMagentoSiteMapTestParallel" name="test" time="0.0">
    <skipped/>
  </testcase> <!-- test -->
  <testcase classname="test.LinksFromMagentoSiteMapTestParallel" name="test" time="0.0">
    <skipped/>
  </testcase> <!-- test -->
  <testcase classname="test.LinksFromMagentoSiteMapTestParallel" name="test" time="0.0">
    <skipped/>
  </testcase> <!-- test -->
  <testcase classname="test.LinksFromMagentoSiteMapTestParallel" name="test" time="0.0">
    <skipped/>
  </testcase> <!-- test -->
  <testcase classname="test.LinksFromMagentoSiteMapTestParallel" name="test" time="0.0">
    <skipped/>
  </testcase> <!-- test -->
  <testcase classname="test.LinksFromMagentoSiteMapTestParallel" name="test" time="0.0">
    <skipped/>
  </testcase> <!-- test -->
  <testcase classname="test.LinksFromMagentoSiteMapTestParallel" name="test" time="0.0">
    <skipped/>
  </testcase> <!-- test -->
  <testcase classname="test.LinksFromMagentoSiteMapTestParallel" name="test" time="0.0">
    <skipped/>
  </testcase> <!-- test -->
  <testcase classname="test.LinksFromMagentoSiteMapTestParallel" name="test" time="0.0">
    <skipped/>
  </testcase> <!-- test -->
  <testcase classname="test.LinksFromMagentoSiteMapTestParallel" name="test" time="0.0">
    <skipped/>
  </testcase> <!-- test -->
  <testcase classname="test.LinksFromMagentoSiteMapTestParallel" name="test" time="0.0">
    <skipped/>
  </testcase> <!-- test -->
  <testcase classname="test.LinksFromMagentoSiteMapTestParallel" name="test" time="0.0">
    <skipped/>
  </testcase> <!-- test -->
  <testcase classname="test.LinksFromMagentoSiteMapTestParallel" name="test" time="0.0">
    <skipped/>
  </testcase> <!-- test -->
  <testcase classname="test.LinksFromMagentoSiteMapTestParallel" name="test" time="0.0">
    <skipped/>
  </testcase> <!-- test -->
  <testcase classname="test.LinksFromMagentoSiteMapTestParallel" name="test" time="0.0">
    <skipped/>
  </testcase> <!-- test -->
  <testcase classname="test.LinksFromMagentoSiteMapTestParallel" name="test" time="0.0">
    <skipped/>
  </testcase> <!-- test -->
  <testcase classname="test.LinksFromMagentoSiteMapTestParallel" name="test" time="0.0">
    <skipped/>
  </testcase> <!-- test -->
  <testcase classname="test.LinksFromMagentoSiteMapTestParallel" name="test" time="0.001">
    <skipped/>
  </testcase> <!-- test -->
  <testcase classname="test.LinksFromMagentoSiteMapTestParallel" name="test" time="0.0">
    <skipped/>
  </testcase> <!-- test -->
  <testcase classname="test.LinksFromMagentoSiteMapTestParallel" name="test" time="0.0">
    <skipped/>
  </testcase> <!-- test -->
  <testcase classname="test.LinksFromMagentoSiteMapTestParallel" name="test" time="0.0">
    <skipped/>
  </testcase> <!-- test -->
  <testcase classname="test.LinksFromMagentoSiteMapTestParallel" name="test" time="0.0">
    <skipped/>
  </testcase> <!-- test -->
  <testcase classname="test.LinksFromMagentoSiteMapTestParallel" name="test" time="0.0">
    <skipped/>
  </testcase> <!-- test -->
  <testcase classname="test.LinksFromMagentoSiteMapTestParallel" name="test" time="0.0">
    <skipped/>
  </testcase> <!-- test -->
  <testcase classname="test.LinksFromMagentoSiteMapTestParallel" name="test" time="0.0">
    <skipped/>
  </testcase> <!-- test -->
  <testcase classname="test.LinksFromMagentoSiteMapTestParallel" name="test" time="0.0">
    <skipped/>
  </testcase> <!-- test -->
  <testcase classname="test.LinksFromMagentoSiteMapTestParallel" name="test" time="0.0">
    <skipped/>
  </testcase> <!-- test -->
  <testcase classname="test.LinksFromMagentoSiteMapTestParallel" name="test" time="0.0">
    <skipped/>
  </testcase> <!-- test -->
  <testcase classname="test.LinksFromMagentoSiteMapTestParallel" name="test" time="0.0">
    <skipped/>
  </testcase> <!-- test -->
  <testcase classname="test.LinksFromMagentoSiteMapTestParallel" name="test" time="0.0">
    <skipped/>
  </testcase> <!-- test -->
  <testcase classname="test.LinksFromMagentoSiteMapTestParallel" name="test" time="0.0">
    <skipped/>
  </testcase> <!-- test -->
  <testcase classname="test.LinksFromMagentoSiteMapTestParallel" name="test" time="0.0">
    <skipped/>
  </testcase> <!-- test -->
  <testcase classname="test.LinksFromMagentoSiteMapTestParallel" name="test" time="0.0">
    <skipped/>
  </testcase> <!-- test -->
  <testcase classname="test.LinksFromMagentoSiteMapTestParallel" name="test" time="0.0">
    <skipped/>
  </testcase> <!-- test -->
  <testcase classname="test.LinksFromMagentoSiteMapTestParallel" name="test" time="0.0">
    <skipped/>
  </testcase> <!-- test -->
  <testcase classname="test.LinksFromMagentoSiteMapTestParallel" name="test" time="0.0">
    <skipped/>
  </testcase> <!-- test -->
  <testcase classname="test.LinksFromMagentoSiteMapTestParallel" name="test" time="0.0">
    <skipped/>
  </testcase> <!-- test -->
  <testcase classname="test.LinksFromMagentoSiteMapTestParallel" name="test" time="0.0">
    <skipped/>
  </testcase> <!-- test -->
  <testcase classname="test.LinksFromMagentoSiteMapTestParallel" name="test" time="0.0">
    <skipped/>
  </testcase> <!-- test -->
  <testcase classname="test.LinksFromMagentoSiteMapTestParallel" name="test" time="0.0">
    <skipped/>
  </testcase> <!-- test -->
  <testcase classname="test.LinksFromMagentoSiteMapTestParallel" name="test" time="0.0">
    <skipped/>
  </testcase> <!-- test -->
  <testcase classname="test.LinksFromMagentoSiteMapTestParallel" name="test" time="0.0">
    <skipped/>
  </testcase> <!-- test -->
  <testcase classname="test.LinksFromMagentoSiteMapTestParallel" name="test" time="0.0">
    <skipped/>
  </testcase> <!-- test -->
  <testcase classname="test.LinksFromMagentoSiteMapTestParallel" name="test" time="0.0">
    <skipped/>
  </testcase> <!-- test -->
  <testcase classname="test.LinksFromMagentoSiteMapTestParallel" name="test" time="0.0">
    <skipped/>
  </testcase> <!-- test -->
  <testcase classname="test.LinksFromMagentoSiteMapTestParallel" name="test" time="0.0">
    <skipped/>
  </testcase> <!-- test -->
  <testcase classname="test.LinksFromMagentoSiteMapTestParallel" name="test" time="0.0">
    <skipped/>
  </testcase> <!-- test -->
  <testcase classname="test.LinksFromMagentoSiteMapTestParallel" name="test" time="0.0">
    <skipped/>
  </testcase> <!-- test -->
  <testcase classname="test.LinksFromMagentoSiteMapTestParallel" name="test" time="0.0">
    <skipped/>
  </testcase> <!-- test -->
  <testcase classname="test.LinksFromMagentoSiteMapTestParallel" name="test" time="0.0">
    <skipped/>
  </testcase> <!-- test -->
  <testcase classname="test.LinksFromMagentoSiteMapTestParallel" name="test" time="0.0">
    <skipped/>
  </testcase> <!-- test -->
  <testcase classname="test.LinksFromMagentoSiteMapTestParallel" name="test" time="0.0">
    <skipped/>
  </testcase> <!-- test -->
  <testcase classname="test.LinksFromMagentoSiteMapTestParallel" name="test" time="0.0">
    <skipped/>
  </testcase> <!-- test -->
  <testcase classname="test.LinksFromMagentoSiteMapTestParallel" name="test" time="0.0">
    <skipped/>
  </testcase> <!-- test -->
  <testcase classname="test.LinksFromMagentoSiteMapTestParallel" name="test" time="0.0">
    <skipped/>
  </testcase> <!-- test -->
  <testcase classname="test.LinksFromMagentoSiteMapTestParallel" name="test" time="0.0">
    <skipped/>
  </testcase> <!-- test -->
  <testcase classname="test.LinksFromMagentoSiteMapTestParallel" name="test" time="0.0">
    <skipped/>
  </testcase> <!-- test -->
  <testcase classname="test.LinksFromMagentoSiteMapTestParallel" name="test" time="0.0">
    <skipped/>
  </testcase> <!-- test -->
  <testcase classname="test.LinksFromMagentoSiteMapTestParallel" name="test" time="0.0">
    <skipped/>
  </testcase> <!-- test -->
  <testcase classname="test.LinksFromMagentoSiteMapTestParallel" name="test" time="0.0">
    <skipped/>
  </testcase> <!-- test -->
  <testcase classname="test.LinksFromMagentoSiteMapTestParallel" name="test" time="0.0">
    <skipped/>
  </testcase> <!-- test -->
  <testcase classname="test.LinksFromMagentoSiteMapTestParallel" name="test" time="0.0">
    <skipped/>
  </testcase> <!-- test -->
  <testcase classname="test.LinksFromMagentoSiteMapTestParallel" name="test" time="0.0">
    <skipped/>
  </testcase> <!-- test -->
  <testcase classname="test.LinksFromMagentoSiteMapTestParallel" name="test" time="0.0">
    <skipped/>
  </testcase> <!-- test -->
  <testcase classname="test.LinksFromMagentoSiteMapTestParallel" name="test" time="0.0">
    <skipped/>
  </testcase> <!-- test -->
  <testcase classname="test.LinksFromMagentoSiteMapTestParallel" name="test" time="0.0">
    <skipped/>
  </testcase> <!-- test -->
  <testcase classname="test.LinksFromMagentoSiteMapTestParallel" name="test" time="0.0">
    <skipped/>
  </testcase> <!-- test -->
  <testcase classname="test.LinksFromMagentoSiteMapTestParallel" name="test" time="0.0">
    <skipped/>
  </testcase> <!-- test -->
  <testcase classname="test.LinksFromMagentoSiteMapTestParallel" name="test" time="0.0">
    <skipped/>
  </testcase> <!-- test -->
  <testcase classname="test.LinksFromMagentoSiteMapTestParallel" name="test" time="0.0">
    <skipped/>
  </testcase> <!-- test -->
  <testcase classname="test.LinksFromMagentoSiteMapTestParallel" name="test" time="0.0">
    <skipped/>
  </testcase> <!-- test -->
  <testcase classname="test.LinksFromMagentoSiteMapTestParallel" name="test" time="0.0">
    <skipped/>
  </testcase> <!-- test -->
  <testcase classname="test.LinksFromMagentoSiteMapTestParallel" name="test" time="0.0">
    <skipped/>
  </testcase> <!-- test -->
  <testcase classname="test.LinksFromMagentoSiteMapTestParallel" name="test" time="0.0">
    <skipped/>
  </testcase> <!-- test -->
  <testcase classname="test.LinksFromMagentoSiteMapTestParallel" name="test" time="0.0">
    <skipped/>
  </testcase> <!-- test -->
  <testcase classname="test.LinksFromMagentoSiteMapTestParallel" name="test" time="0.0">
    <skipped/>
  </testcase> <!-- test -->
  <testcase classname="test.LinksFromMagentoSiteMapTestParallel" name="test" time="0.0">
    <skipped/>
  </testcase> <!-- test -->
  <testcase classname="test.LinksFromMagentoSiteMapTestParallel" name="test" time="0.0">
    <skipped/>
  </testcase> <!-- test -->
  <testcase classname="test.LinksFromMagentoSiteMapTestParallel" name="test" time="0.0">
    <skipped/>
  </testcase> <!-- test -->
  <testcase classname="test.LinksFromMagentoSiteMapTestParallel" name="test" time="0.0">
    <skipped/>
  </testcase> <!-- test -->
  <testcase classname="test.LinksFromMagentoSiteMapTestParallel" name="test" time="0.0">
    <skipped/>
  </testcase> <!-- test -->
  <testcase classname="test.LinksFromMagentoSiteMapTestParallel" name="test" time="0.0">
    <skipped/>
  </testcase> <!-- test -->
  <testcase classname="test.LinksFromMagentoSiteMapTestParallel" name="test" time="0.0">
    <skipped/>
  </testcase> <!-- test -->
  <testcase classname="test.LinksFromMagentoSiteMapTestParallel" name="test" time="0.0">
    <skipped/>
  </testcase> <!-- test -->
  <testcase classname="test.LinksFromMagentoSiteMapTestParallel" name="test" time="0.0">
    <skipped/>
  </testcase> <!-- test -->
  <testcase classname="test.LinksFromMagentoSiteMapTestParallel" name="test" time="0.0">
    <skipped/>
  </testcase> <!-- test -->
  <testcase classname="test.LinksFromMagentoSiteMapTestParallel" name="test" time="0.0">
    <skipped/>
  </testcase> <!-- test -->
  <testcase classname="test.LinksFromMagentoSiteMapTestParallel" name="test" time="0.0">
    <skipped/>
  </testcase> <!-- test -->
  <testcase classname="test.LinksFromMagentoSiteMapTestParallel" name="test" time="0.0">
    <skipped/>
  </testcase> <!-- test -->
  <testcase classname="test.LinksFromMagentoSiteMapTestParallel" name="test" time="0.0">
    <skipped/>
  </testcase> <!-- test -->
  <testcase classname="test.LinksFromMagentoSiteMapTestParallel" name="test" time="0.0">
    <skipped/>
  </testcase> <!-- test -->
  <testcase classname="test.LinksFromMagentoSiteMapTestParallel" name="test" time="0.0">
    <skipped/>
  </testcase> <!-- test -->
  <testcase classname="test.LinksFromMagentoSiteMapTestParallel" name="test" time="0.0">
    <skipped/>
  </testcase> <!-- test -->
  <testcase classname="test.LinksFromMagentoSiteMapTestParallel" name="test" time="0.0">
    <skipped/>
  </testcase> <!-- test -->
  <testcase classname="test.LinksFromMagentoSiteMapTestParallel" name="test" time="0.0">
    <skipped/>
  </testcase> <!-- test -->
  <testcase classname="test.LinksFromMagentoSiteMapTestParallel" name="test" time="0.0">
    <skipped/>
  </testcase> <!-- test -->
  <testcase classname="test.LinksFromMagentoSiteMapTestParallel" name="test" time="0.0">
    <skipped/>
  </testcase> <!-- test -->
  <testcase classname="test.LinksFromMagentoSiteMapTestParallel" name="test" time="0.0">
    <skipped/>
  </testcase> <!-- test -->
  <testcase classname="test.LinksFromMagentoSiteMapTestParallel" name="test" time="0.0">
    <skipped/>
  </testcase> <!-- test -->
  <testcase classname="test.LinksFromMagentoSiteMapTestParallel" name="test" time="0.0">
    <skipped/>
  </testcase> <!-- test -->
  <testcase classname="test.LinksFromMagentoSiteMapTestParallel" name="test" time="0.0">
    <skipped/>
  </testcase> <!-- test -->
  <testcase classname="test.LinksFromMagentoSiteMapTestParallel" name="test" time="0.0">
    <skipped/>
  </testcase> <!-- test -->
  <testcase classname="test.LinksFromMagentoSiteMapTestParallel" name="test" time="0.0">
    <skipped/>
  </testcase> <!-- test -->
  <testcase classname="test.LinksFromMagentoSiteMapTestParallel" name="test" time="0.0">
    <skipped/>
  </testcase> <!-- test -->
  <testcase classname="test.LinksFromMagentoSiteMapTestParallel" name="test" time="0.0">
    <skipped/>
  </testcase> <!-- test -->
  <testcase classname="test.LinksFromMagentoSiteMapTestParallel" name="test" time="0.0">
    <skipped/>
  </testcase> <!-- test -->
  <testcase classname="test.LinksFromMagentoSiteMapTestParallel" name="test" time="0.0">
    <skipped/>
  </testcase> <!-- test -->
  <testcase classname="test.LinksFromMagentoSiteMapTestParallel" name="test" time="0.0">
    <skipped/>
  </testcase> <!-- test -->
  <testcase classname="test.LinksFromMagentoSiteMapTestParallel" name="test" time="0.0">
    <skipped/>
  </testcase> <!-- test -->
  <testcase classname="test.LinksFromMagentoSiteMapTestParallel" name="test" time="0.0">
    <skipped/>
  </testcase> <!-- test -->
  <testcase classname="test.LinksFromMagentoSiteMapTestParallel" name="test" time="0.0">
    <skipped/>
  </testcase> <!-- test -->
  <testcase classname="test.LinksFromMagentoSiteMapTestParallel" name="test" time="0.0">
    <skipped/>
  </testcase> <!-- test -->
  <testcase classname="test.LinksFromMagentoSiteMapTestParallel" name="test" time="0.0">
    <skipped/>
  </testcase> <!-- test -->
  <testcase classname="test.LinksFromMagentoSiteMapTestParallel" name="test" time="0.0">
    <skipped/>
  </testcase> <!-- test -->
  <testcase classname="test.LinksFromMagentoSiteMapTestParallel" name="test" time="0.0">
    <skipped/>
  </testcase> <!-- test -->
  <testcase classname="test.LinksFromMagentoSiteMapTestParallel" name="test" time="0.0">
    <skipped/>
  </testcase> <!-- test -->
  <testcase classname="test.LinksFromMagentoSiteMapTestParallel" name="test" time="0.0">
    <skipped/>
  </testcase> <!-- test -->
  <testcase classname="test.LinksFromMagentoSiteMapTestParallel" name="test" time="0.0">
    <skipped/>
  </testcase> <!-- test -->
  <testcase classname="test.LinksFromMagentoSiteMapTestParallel" name="test" time="0.0">
    <skipped/>
  </testcase> <!-- test -->
  <testcase classname="test.LinksFromMagentoSiteMapTestParallel" name="test" time="0.0">
    <skipped/>
  </testcase> <!-- test -->
  <testcase classname="test.LinksFromMagentoSiteMapTestParallel" name="test" time="0.0">
    <skipped/>
  </testcase> <!-- test -->
  <testcase classname="test.LinksFromMagentoSiteMapTestParallel" name="test" time="0.0">
    <skipped/>
  </testcase> <!-- test -->
  <testcase classname="test.LinksFromMagentoSiteMapTestParallel" name="test" time="0.0">
    <skipped/>
  </testcase> <!-- test -->
  <testcase classname="test.LinksFromMagentoSiteMapTestParallel" name="test" time="0.0">
    <skipped/>
  </testcase> <!-- test -->
  <testcase classname="test.LinksFromMagentoSiteMapTestParallel" name="test" time="0.0">
    <skipped/>
  </testcase> <!-- test -->
  <testcase classname="test.LinksFromMagentoSiteMapTestParallel" name="test" time="0.0">
    <skipped/>
  </testcase> <!-- test -->
  <testcase classname="test.LinksFromMagentoSiteMapTestParallel" name="test" time="0.0">
    <skipped/>
  </testcase> <!-- test -->
  <testcase classname="test.LinksFromMagentoSiteMapTestParallel" name="test" time="0.0">
    <skipped/>
  </testcase> <!-- test -->
  <testcase classname="test.LinksFromMagentoSiteMapTestParallel" name="test" time="0.0">
    <skipped/>
  </testcase> <!-- test -->
  <testcase classname="test.LinksFromMagentoSiteMapTestParallel" name="test" time="0.0">
    <skipped/>
  </testcase> <!-- test -->
  <testcase classname="test.LinksFromMagentoSiteMapTestParallel" name="test" time="0.0">
    <skipped/>
  </testcase> <!-- test -->
  <testcase classname="test.LinksFromMagentoSiteMapTestParallel" name="test" time="0.0">
    <skipped/>
  </testcase> <!-- test -->
  <testcase classname="test.LinksFromMagentoSiteMapTestParallel" name="test" time="0.0">
    <skipped/>
  </testcase> <!-- test -->
  <testcase classname="test.LinksFromMagentoSiteMapTestParallel" name="test" time="0.0">
    <skipped/>
  </testcase> <!-- test -->
  <testcase classname="test.LinksFromMagentoSiteMapTestParallel" name="test" time="0.0">
    <skipped/>
  </testcase> <!-- test -->
  <testcase classname="test.LinksFromMagentoSiteMapTestParallel" name="test" time="0.0">
    <skipped/>
  </testcase> <!-- test -->
  <testcase classname="test.LinksFromMagentoSiteMapTestParallel" name="test" time="0.0">
    <skipped/>
  </testcase> <!-- test -->
  <testcase classname="test.LinksFromMagentoSiteMapTestParallel" name="test" time="0.0">
    <skipped/>
  </testcase> <!-- test -->
  <testcase classname="test.LinksFromMagentoSiteMapTestParallel" name="test" time="0.0">
    <skipped/>
  </testcase> <!-- test -->
  <testcase classname="test.LinksFromMagentoSiteMapTestParallel" name="test" time="0.0">
    <skipped/>
  </testcase> <!-- test -->
  <testcase classname="test.LinksFromMagentoSiteMapTestParallel" name="test" time="0.0">
    <skipped/>
  </testcase> <!-- test -->
  <testcase classname="test.LinksFromMagentoSiteMapTestParallel" name="test" time="0.0">
    <skipped/>
  </testcase> <!-- test -->
  <testcase classname="test.LinksFromMagentoSiteMapTestParallel" name="test" time="0.0">
    <skipped/>
  </testcase> <!-- test -->
  <testcase classname="test.LinksFromMagentoSiteMapTestParallel" name="test" time="0.0">
    <skipped/>
  </testcase> <!-- test -->
  <testcase classname="test.LinksFromMagentoSiteMapTestParallel" name="test" time="0.0">
    <skipped/>
  </testcase> <!-- test -->
  <testcase classname="test.LinksFromMagentoSiteMapTestParallel" name="test" time="0.0">
    <skipped/>
  </testcase> <!-- test -->
  <testcase classname="test.LinksFromMagentoSiteMapTestParallel" name="test" time="0.0">
    <skipped/>
  </testcase> <!-- test -->
  <testcase classname="test.LinksFromMagentoSiteMapTestParallel" name="test" time="0.0">
    <skipped/>
  </testcase> <!-- test -->
  <testcase classname="test.LinksFromMagentoSiteMapTestParallel" name="test" time="0.0">
    <skipped/>
  </testcase> <!-- test -->
  <testcase classname="test.LinksFromMagentoSiteMapTestParallel" name="test" time="0.0">
    <skipped/>
  </testcase> <!-- test -->
  <testcase classname="test.LinksFromMagentoSiteMapTestParallel" name="test" time="0.0">
    <skipped/>
  </testcase> <!-- test -->
  <testcase classname="test.LinksFromMagentoSiteMapTestParallel" name="test" time="0.0">
    <skipped/>
  </testcase> <!-- test -->
  <testcase classname="test.LinksFromMagentoSiteMapTestParallel" name="test" time="0.0">
    <skipped/>
  </testcase> <!-- test -->
  <testcase classname="test.LinksFromMagentoSiteMapTestParallel" name="test" time="0.0">
    <skipped/>
  </testcase> <!-- test -->
  <testcase classname="test.LinksFromMagentoSiteMapTestParallel" name="test" time="0.0">
    <skipped/>
  </testcase> <!-- test -->
  <testcase classname="test.LinksFromMagentoSiteMapTestParallel" name="test" time="0.0">
    <skipped/>
  </testcase> <!-- test -->
  <testcase classname="test.LinksFromMagentoSiteMapTestParallel" name="test" time="0.0">
    <skipped/>
  </testcase> <!-- test -->
  <testcase classname="test.LinksFromMagentoSiteMapTestParallel" name="test" time="0.0">
    <skipped/>
  </testcase> <!-- test -->
  <testcase classname="test.LinksFromMagentoSiteMapTestParallel" name="test" time="0.0">
    <skipped/>
  </testcase> <!-- test -->
  <testcase classname="test.LinksFromMagentoSiteMapTestParallel" name="test" time="0.0">
    <skipped/>
  </testcase> <!-- test -->
  <testcase classname="test.LinksFromMagentoSiteMapTestParallel" name="test" time="0.0">
    <skipped/>
  </testcase> <!-- test -->
  <testcase classname="test.LinksFromMagentoSiteMapTestParallel" name="test" time="0.0">
    <skipped/>
  </testcase> <!-- test -->
  <testcase classname="test.LinksFromMagentoSiteMapTestParallel" name="test" time="0.0">
    <skipped/>
  </testcase> <!-- test -->
  <testcase classname="test.LinksFromMagentoSiteMapTestParallel" name="test" time="0.0">
    <skipped/>
  </testcase> <!-- test -->
  <testcase classname="test.LinksFromMagentoSiteMapTestParallel" name="test" time="0.0">
    <skipped/>
  </testcase> <!-- test -->
  <testcase classname="test.LinksFromMagentoSiteMapTestParallel" name="test" time="0.0">
    <skipped/>
  </testcase> <!-- test -->
  <testcase classname="test.LinksFromMagentoSiteMapTestParallel" name="test" time="0.0">
    <skipped/>
  </testcase> <!-- test -->
  <testcase classname="test.LinksFromMagentoSiteMapTestParallel" name="test" time="0.0">
    <skipped/>
  </testcase> <!-- test -->
  <testcase classname="test.LinksFromMagentoSiteMapTestParallel" name="test" time="0.0">
    <skipped/>
  </testcase> <!-- test -->
  <testcase classname="test.LinksFromMagentoSiteMapTestParallel" name="test" time="0.0">
    <skipped/>
  </testcase> <!-- test -->
  <testcase classname="test.LinksFromMagentoSiteMapTestParallel" name="test" time="0.0">
    <skipped/>
  </testcase> <!-- test -->
  <testcase classname="test.LinksFromMagentoSiteMapTestParallel" name="test" time="0.0">
    <skipped/>
  </testcase> <!-- test -->
  <testcase classname="test.LinksFromMagentoSiteMapTestParallel" name="test" time="0.0">
    <skipped/>
  </testcase> <!-- test -->
  <testcase classname="test.LinksFromMagentoSiteMapTestParallel" name="test" time="0.0">
    <skipped/>
  </testcase> <!-- test -->
  <testcase classname="test.LinksFromMagentoSiteMapTestParallel" name="test" time="0.0">
    <skipped/>
  </testcase> <!-- test -->
  <testcase classname="test.LinksFromMagentoSiteMapTestParallel" name="test" time="0.0">
    <skipped/>
  </testcase> <!-- test -->
  <testcase classname="test.LinksFromMagentoSiteMapTestParallel" name="test" time="0.0">
    <skipped/>
  </testcase> <!-- test -->
  <testcase classname="test.LinksFromMagentoSiteMapTestParallel" name="test" time="0.0">
    <skipped/>
  </testcase> <!-- test -->
  <testcase classname="test.LinksFromMagentoSiteMapTestParallel" name="test" time="0.0">
    <skipped/>
  </testcase> <!-- test -->
  <testcase classname="test.LinksFromMagentoSiteMapTestParallel" name="test" time="0.0">
    <skipped/>
  </testcase> <!-- test -->
  <testcase classname="test.LinksFromMagentoSiteMapTestParallel" name="test" time="0.0">
    <skipped/>
  </testcase> <!-- test -->
  <testcase classname="test.LinksFromMagentoSiteMapTestParallel" name="test" time="0.0">
    <skipped/>
  </testcase> <!-- test -->
  <testcase classname="test.LinksFromMagentoSiteMapTestParallel" name="test" time="0.0">
    <skipped/>
  </testcase> <!-- test -->
  <testcase classname="test.LinksFromMagentoSiteMapTestParallel" name="test" time="0.0">
    <skipped/>
  </testcase> <!-- test -->
  <testcase classname="test.LinksFromMagentoSiteMapTestParallel" name="test" time="0.0">
    <skipped/>
  </testcase> <!-- test -->
  <testcase classname="test.LinksFromMagentoSiteMapTestParallel" name="test" time="0.0">
    <skipped/>
  </testcase> <!-- test -->
  <testcase classname="test.LinksFromMagentoSiteMapTestParallel" name="test" time="0.0">
    <skipped/>
  </testcase> <!-- test -->
  <testcase classname="test.LinksFromMagentoSiteMapTestParallel" name="test" time="0.0">
    <skipped/>
  </testcase> <!-- test -->
  <testcase classname="test.LinksFromMagentoSiteMapTestParallel" name="test" time="0.0">
    <skipped/>
  </testcase> <!-- test -->
  <testcase classname="test.LinksFromMagentoSiteMapTestParallel" name="test" time="0.0">
    <skipped/>
  </testcase> <!-- test -->
  <testcase classname="test.LinksFromMagentoSiteMapTestParallel" name="test" time="0.0">
    <skipped/>
  </testcase> <!-- test -->
  <testcase classname="test.LinksFromMagentoSiteMapTestParallel" name="test" time="0.0">
    <skipped/>
  </testcase> <!-- test -->
  <testcase classname="test.LinksFromMagentoSiteMapTestParallel" name="test" time="0.0">
    <skipped/>
  </testcase> <!-- test -->
  <testcase classname="test.LinksFromMagentoSiteMapTestParallel" name="test" time="0.0">
    <skipped/>
  </testcase> <!-- test -->
  <testcase classname="test.LinksFromMagentoSiteMapTestParallel" name="test" time="0.0">
    <skipped/>
  </testcase> <!-- test -->
  <testcase classname="test.LinksFromMagentoSiteMapTestParallel" name="test" time="0.0">
    <skipped/>
  </testcase> <!-- test -->
  <testcase classname="test.LinksFromMagentoSiteMapTestParallel" name="test" time="0.0">
    <skipped/>
  </testcase> <!-- test -->
  <testcase classname="test.LinksFromMagentoSiteMapTestParallel" name="test" time="0.0">
    <skipped/>
  </testcase> <!-- test -->
  <testcase classname="test.LinksFromMagentoSiteMapTestParallel" name="test" time="0.0">
    <skipped/>
  </testcase> <!-- test -->
  <testcase classname="test.LinksFromMagentoSiteMapTestParallel" name="test" time="0.0">
    <skipped/>
  </testcase> <!-- test -->
  <testcase classname="test.LinksFromMagentoSiteMapTestParallel" name="test" time="0.0">
    <skipped/>
  </testcase> <!-- test -->
  <testcase classname="test.LinksFromMagentoSiteMapTestParallel" name="test" time="0.0">
    <skipped/>
  </testcase> <!-- test -->
  <testcase classname="test.LinksFromMagentoSiteMapTestParallel" name="test" time="0.0">
    <skipped/>
  </testcase> <!-- test -->
  <testcase classname="test.LinksFromMagentoSiteMapTestParallel" name="test" time="0.0">
    <skipped/>
  </testcase> <!-- test -->
  <testcase classname="test.LinksFromMagentoSiteMapTestParallel" name="test" time="0.0">
    <skipped/>
  </testcase> <!-- test -->
  <testcase classname="test.LinksFromMagentoSiteMapTestParallel" name="test" time="0.0">
    <skipped/>
  </testcase> <!-- test -->
  <testcase classname="test.LinksFromMagentoSiteMapTestParallel" name="test" time="0.0">
    <skipped/>
  </testcase> <!-- test -->
  <testcase classname="test.LinksFromMagentoSiteMapTestParallel" name="test" time="0.0">
    <skipped/>
  </testcase> <!-- test -->
  <testcase classname="test.LinksFromMagentoSiteMapTestParallel" name="test" time="0.0">
    <skipped/>
  </testcase> <!-- test -->
  <testcase classname="test.LinksFromMagentoSiteMapTestParallel" name="test" time="0.0">
    <skipped/>
  </testcase> <!-- test -->
  <testcase classname="test.LinksFromMagentoSiteMapTestParallel" name="test" time="0.0">
    <skipped/>
  </testcase> <!-- test -->
  <testcase classname="test.LinksFromMagentoSiteMapTestParallel" name="test" time="0.0">
    <skipped/>
  </testcase> <!-- test -->
  <testcase classname="test.LinksFromMagentoSiteMapTestParallel" name="test" time="0.0">
    <skipped/>
  </testcase> <!-- test -->
  <testcase classname="test.LinksFromMagentoSiteMapTestParallel" name="test" time="0.0">
    <skipped/>
  </testcase> <!-- test -->
  <testcase classname="test.LinksFromMagentoSiteMapTestParallel" name="test" time="0.0">
    <skipped/>
  </testcase> <!-- test -->
  <testcase classname="test.LinksFromMagentoSiteMapTestParallel" name="test" time="0.0">
    <skipped/>
  </testcase> <!-- test -->
  <testcase classname="test.LinksFromMagentoSiteMapTestParallel" name="test" time="0.0">
    <skipped/>
  </testcase> <!-- test -->
  <testcase classname="test.LinksFromMagentoSiteMapTestParallel" name="test" time="0.0">
    <skipped/>
  </testcase> <!-- test -->
  <testcase classname="test.LinksFromMagentoSiteMapTestParallel" name="test" time="0.0">
    <skipped/>
  </testcase> <!-- test -->
  <testcase classname="test.LinksFromMagentoSiteMapTestParallel" name="test" time="0.0">
    <skipped/>
  </testcase> <!-- test -->
  <testcase classname="test.LinksFromMagentoSiteMapTestParallel" name="test" time="0.0">
    <skipped/>
  </testcase> <!-- test -->
  <testcase classname="test.LinksFromMagentoSiteMapTestParallel" name="test" time="0.0">
    <skipped/>
  </testcase> <!-- test -->
  <testcase classname="test.LinksFromMagentoSiteMapTestParallel" name="test" time="0.0">
    <skipped/>
  </testcase> <!-- test -->
  <testcase classname="test.LinksFromMagentoSiteMapTestParallel" name="test" time="0.0">
    <skipped/>
  </testcase> <!-- test -->
  <testcase classname="test.LinksFromMagentoSiteMapTestParallel" name="test" time="0.0">
    <skipped/>
  </testcase> <!-- test -->
  <testcase classname="test.LinksFromMagentoSiteMapTestParallel" name="test" time="0.0">
    <skipped/>
  </testcase> <!-- test -->
  <testcase classname="test.LinksFromMagentoSiteMapTestParallel" name="test" time="0.0">
    <skipped/>
  </testcase> <!-- test -->
  <testcase classname="test.LinksFromMagentoSiteMapTestParallel" name="test" time="0.0">
    <skipped/>
  </testcase> <!-- test -->
  <testcase classname="test.LinksFromMagentoSiteMapTestParallel" name="test" time="0.0">
    <skipped/>
  </testcase> <!-- test -->
  <testcase classname="test.LinksFromMagentoSiteMapTestParallel" name="test" time="0.0">
    <skipped/>
  </testcase> <!-- test -->
  <testcase classname="test.LinksFromMagentoSiteMapTestParallel" name="test" time="0.0">
    <skipped/>
  </testcase> <!-- test -->
  <testcase classname="test.LinksFromMagentoSiteMapTestParallel" name="test" time="0.0">
    <skipped/>
  </testcase> <!-- test -->
  <testcase classname="test.LinksFromMagentoSiteMapTestParallel" name="test" time="0.0">
    <skipped/>
  </testcase> <!-- test -->
  <testcase classname="test.LinksFromMagentoSiteMapTestParallel" name="test" time="0.0">
    <skipped/>
  </testcase> <!-- test -->
  <testcase classname="test.LinksFromMagentoSiteMapTestParallel" name="test" time="0.0">
    <skipped/>
  </testcase> <!-- test -->
  <testcase classname="test.LinksFromMagentoSiteMapTestParallel" name="test" time="0.0">
    <skipped/>
  </testcase> <!-- test -->
  <testcase classname="test.LinksFromMagentoSiteMapTestParallel" name="test" time="0.0">
    <skipped/>
  </testcase> <!-- test -->
  <testcase classname="test.LinksFromMagentoSiteMapTestParallel" name="test" time="0.0">
    <skipped/>
  </testcase> <!-- test -->
  <testcase classname="test.LinksFromMagentoSiteMapTestParallel" name="test" time="0.0">
    <skipped/>
  </testcase> <!-- test -->
  <testcase classname="test.LinksFromMagentoSiteMapTestParallel" name="test" time="0.0">
    <skipped/>
  </testcase> <!-- test -->
  <testcase classname="test.LinksFromMagentoSiteMapTestParallel" name="test" time="0.0">
    <skipped/>
  </testcase> <!-- test -->
  <testcase classname="test.LinksFromMagentoSiteMapTestParallel" name="test" time="0.0">
    <skipped/>
  </testcase> <!-- test -->
  <testcase classname="test.LinksFromMagentoSiteMapTestParallel" name="test" time="0.0">
    <skipped/>
  </testcase> <!-- test -->
  <testcase classname="test.LinksFromMagentoSiteMapTestParallel" name="test" time="0.0">
    <skipped/>
  </testcase> <!-- test -->
  <testcase classname="test.LinksFromMagentoSiteMapTestParallel" name="test" time="0.0">
    <skipped/>
  </testcase> <!-- test -->
  <testcase classname="test.LinksFromMagentoSiteMapTestParallel" name="test" time="0.0">
    <skipped/>
  </testcase> <!-- test -->
  <testcase classname="test.LinksFromMagentoSiteMapTestParallel" name="test" time="0.0">
    <skipped/>
  </testcase> <!-- test -->
  <testcase classname="test.LinksFromMagentoSiteMapTestParallel" name="test" time="0.0">
    <skipped/>
  </testcase> <!-- test -->
  <testcase classname="test.LinksFromMagentoSiteMapTestParallel" name="test" time="0.0">
    <skipped/>
  </testcase> <!-- test -->
  <testcase classname="test.LinksFromMagentoSiteMapTestParallel" name="test" time="0.0">
    <skipped/>
  </testcase> <!-- test -->
  <testcase classname="test.LinksFromMagentoSiteMapTestParallel" name="test" time="0.0">
    <skipped/>
  </testcase> <!-- test -->
  <testcase classname="test.LinksFromMagentoSiteMapTestParallel" name="test" time="0.0">
    <skipped/>
  </testcase> <!-- test -->
  <testcase classname="test.LinksFromMagentoSiteMapTestParallel" name="test" time="0.0">
    <skipped/>
  </testcase> <!-- test -->
  <testcase classname="test.LinksFromMagentoSiteMapTestParallel" name="test" time="0.0">
    <skipped/>
  </testcase> <!-- test -->
  <testcase classname="test.LinksFromMagentoSiteMapTestParallel" name="test" time="0.0">
    <skipped/>
  </testcase> <!-- test -->
  <testcase classname="test.LinksFromMagentoSiteMapTestParallel" name="test" time="0.0">
    <skipped/>
  </testcase> <!-- test -->
  <testcase classname="test.LinksFromMagentoSiteMapTestParallel" name="test" time="0.0">
    <skipped/>
  </testcase> <!-- test -->
  <testcase classname="test.LinksFromMagentoSiteMapTestParallel" name="test" time="0.0">
    <skipped/>
  </testcase> <!-- test -->
  <testcase classname="test.LinksFromMagentoSiteMapTestParallel" name="test" time="0.0">
    <skipped/>
  </testcase> <!-- test -->
  <testcase classname="test.LinksFromMagentoSiteMapTestParallel" name="test" time="0.0">
    <skipped/>
  </testcase> <!-- test -->
  <testcase classname="test.LinksFromMagentoSiteMapTestParallel" name="test" time="0.0">
    <skipped/>
  </testcase> <!-- test -->
  <testcase classname="test.LinksFromMagentoSiteMapTestParallel" name="test" time="0.0">
    <skipped/>
  </testcase> <!-- test -->
  <testcase classname="test.LinksFromMagentoSiteMapTestParallel" name="test" time="0.0">
    <skipped/>
  </testcase> <!-- test -->
  <testcase classname="test.LinksFromMagentoSiteMapTestParallel" name="test" time="0.0">
    <skipped/>
  </testcase> <!-- test -->
  <testcase classname="test.LinksFromMagentoSiteMapTestParallel" name="test" time="0.0">
    <skipped/>
  </testcase> <!-- test -->
  <testcase classname="test.LinksFromMagentoSiteMapTestParallel" name="test" time="0.0">
    <skipped/>
  </testcase> <!-- test -->
  <testcase classname="test.LinksFromMagentoSiteMapTestParallel" name="test" time="0.0">
    <skipped/>
  </testcase> <!-- test -->
  <testcase classname="test.LinksFromMagentoSiteMapTestParallel" name="test" time="0.0">
    <skipped/>
  </testcase> <!-- test -->
  <testcase classname="test.LinksFromMagentoSiteMapTestParallel" name="test" time="0.0">
    <skipped/>
  </testcase> <!-- test -->
  <testcase classname="test.LinksFromMagentoSiteMapTestParallel" name="test" time="0.0">
    <skipped/>
  </testcase> <!-- test -->
  <testcase classname="test.LinksFromMagentoSiteMapTestParallel" name="test" time="0.0">
    <skipped/>
  </testcase> <!-- test -->
  <testcase classname="test.LinksFromMagentoSiteMapTestParallel" name="test" time="0.0">
    <skipped/>
  </testcase> <!-- test -->
  <testcase classname="test.LinksFromMagentoSiteMapTestParallel" name="test" time="0.0">
    <skipped/>
  </testcase> <!-- test -->
  <testcase classname="test.LinksFromMagentoSiteMapTestParallel" name="test" time="0.0">
    <skipped/>
  </testcase> <!-- test -->
  <testcase classname="test.LinksFromMagentoSiteMapTestParallel" name="test" time="0.0">
    <skipped/>
  </testcase> <!-- test -->
  <testcase classname="test.LinksFromMagentoSiteMapTestParallel" name="test" time="0.0">
    <skipped/>
  </testcase> <!-- test -->
  <testcase classname="test.LinksFromMagentoSiteMapTestParallel" name="test" time="0.0">
    <skipped/>
  </testcase> <!-- test -->
  <testcase classname="test.LinksFromMagentoSiteMapTestParallel" name="test" time="0.0">
    <skipped/>
  </testcase> <!-- test -->
  <testcase classname="test.LinksFromMagentoSiteMapTestParallel" name="test" time="0.0">
    <skipped/>
  </testcase> <!-- test -->
  <testcase classname="test.LinksFromMagentoSiteMapTestParallel" name="test" time="0.0">
    <skipped/>
  </testcase> <!-- test -->
  <testcase classname="test.LinksFromMagentoSiteMapTestParallel" name="test" time="0.0">
    <skipped/>
  </testcase> <!-- test -->
  <testcase classname="test.LinksFromMagentoSiteMapTestParallel" name="test" time="0.0">
    <skipped/>
  </testcase> <!-- test -->
  <testcase classname="test.LinksFromMagentoSiteMapTestParallel" name="test" time="0.0">
    <skipped/>
  </testcase> <!-- test -->
  <testcase classname="test.LinksFromMagentoSiteMapTestParallel" name="test" time="0.0">
    <skipped/>
  </testcase> <!-- test -->
  <testcase classname="test.LinksFromMagentoSiteMapTestParallel" name="test" time="0.0">
    <skipped/>
  </testcase> <!-- test -->
  <testcase classname="test.LinksFromMagentoSiteMapTestParallel" name="test" time="0.0">
    <skipped/>
  </testcase> <!-- test -->
  <testcase classname="test.LinksFromMagentoSiteMapTestParallel" name="test" time="0.0">
    <skipped/>
  </testcase> <!-- test -->
  <testcase classname="test.LinksFromMagentoSiteMapTestParallel" name="test" time="0.0">
    <skipped/>
  </testcase> <!-- test -->
  <testcase classname="test.LinksFromMagentoSiteMapTestParallel" name="test" time="0.0">
    <skipped/>
  </testcase> <!-- test -->
  <testcase classname="test.LinksFromMagentoSiteMapTestParallel" name="test" time="0.0">
    <skipped/>
  </testcase> <!-- test -->
  <testcase classname="test.LinksFromMagentoSiteMapTestParallel" name="test" time="0.0">
    <skipped/>
  </testcase> <!-- test -->
  <testcase classname="test.LinksFromMagentoSiteMapTestParallel" name="test" time="0.0">
    <skipped/>
  </testcase> <!-- test -->
  <testcase classname="test.LinksFromMagentoSiteMapTestParallel" name="test" time="0.0">
    <skipped/>
  </testcase> <!-- test -->
  <testcase classname="test.LinksFromMagentoSiteMapTestParallel" name="test" time="0.0">
    <skipped/>
  </testcase> <!-- test -->
  <testcase classname="test.LinksFromMagentoSiteMapTestParallel" name="test" time="0.0">
    <skipped/>
  </testcase> <!-- test -->
  <testcase classname="test.LinksFromMagentoSiteMapTestParallel" name="test" time="0.0">
    <skipped/>
  </testcase> <!-- test -->
  <testcase classname="test.LinksFromMagentoSiteMapTestParallel" name="test" time="0.0">
    <skipped/>
  </testcase> <!-- test -->
  <testcase classname="test.LinksFromMagentoSiteMapTestParallel" name="test" time="0.0">
    <skipped/>
  </testcase> <!-- test -->
  <testcase classname="test.LinksFromMagentoSiteMapTestParallel" name="test" time="0.0">
    <skipped/>
  </testcase> <!-- test -->
  <testcase classname="test.LinksFromMagentoSiteMapTestParallel" name="test" time="0.0">
    <skipped/>
  </testcase> <!-- test -->
  <testcase classname="test.LinksFromMagentoSiteMapTestParallel" name="test" time="0.0">
    <skipped/>
  </testcase> <!-- test -->
  <testcase classname="test.LinksFromMagentoSiteMapTestParallel" name="test" time="0.0">
    <skipped/>
  </testcase> <!-- test -->
  <testcase classname="test.LinksFromMagentoSiteMapTestParallel" name="test" time="0.0">
    <skipped/>
  </testcase> <!-- test -->
  <testcase classname="test.LinksFromMagentoSiteMapTestParallel" name="test" time="0.0">
    <skipped/>
  </testcase> <!-- test -->
  <testcase classname="test.LinksFromMagentoSiteMapTestParallel" name="test" time="0.0">
    <skipped/>
  </testcase> <!-- test -->
  <testcase classname="test.LinksFromMagentoSiteMapTestParallel" name="test" time="0.0">
    <skipped/>
  </testcase> <!-- test -->
  <testcase classname="test.LinksFromMagentoSiteMapTestParallel" name="test" time="0.0">
    <skipped/>
  </testcase> <!-- test -->
  <testcase classname="test.LinksFromMagentoSiteMapTestParallel" name="test" time="0.0">
    <skipped/>
  </testcase> <!-- test -->
  <testcase classname="test.LinksFromMagentoSiteMapTestParallel" name="test" time="0.0">
    <skipped/>
  </testcase> <!-- test -->
  <testcase classname="test.LinksFromMagentoSiteMapTestParallel" name="test" time="0.0">
    <skipped/>
  </testcase> <!-- test -->
  <testcase classname="test.LinksFromMagentoSiteMapTestParallel" name="test" time="0.0">
    <skipped/>
  </testcase> <!-- test -->
  <testcase classname="test.LinksFromMagentoSiteMapTestParallel" name="test" time="0.0">
    <skipped/>
  </testcase> <!-- test -->
  <testcase classname="test.LinksFromMagentoSiteMapTestParallel" name="test" time="0.0">
    <skipped/>
  </testcase> <!-- test -->
  <testcase classname="test.LinksFromMagentoSiteMapTestParallel" name="test" time="0.0">
    <skipped/>
  </testcase> <!-- test -->
  <testcase classname="test.LinksFromMagentoSiteMapTestParallel" name="test" time="0.0">
    <skipped/>
  </testcase> <!-- test -->
  <testcase classname="test.LinksFromMagentoSiteMapTestParallel" name="test" time="0.0">
    <skipped/>
  </testcase> <!-- test -->
  <testcase classname="test.LinksFromMagentoSiteMapTestParallel" name="test" time="0.0">
    <skipped/>
  </testcase> <!-- test -->
  <testcase classname="test.LinksFromMagentoSiteMapTestParallel" name="test" time="0.0">
    <skipped/>
  </testcase> <!-- test -->
  <testcase classname="test.LinksFromMagentoSiteMapTestParallel" name="test" time="0.0">
    <skipped/>
  </testcase> <!-- test -->
  <testcase classname="test.LinksFromMagentoSiteMapTestParallel" name="test" time="0.0">
    <skipped/>
  </testcase> <!-- test -->
  <testcase classname="test.LinksFromMagentoSiteMapTestParallel" name="test" time="0.0">
    <skipped/>
  </testcase> <!-- test -->
  <testcase classname="test.LinksFromMagentoSiteMapTestParallel" name="test" time="0.0">
    <skipped/>
  </testcase> <!-- test -->
  <testcase classname="test.LinksFromMagentoSiteMapTestParallel" name="test" time="0.0">
    <skipped/>
  </testcase> <!-- test -->
  <testcase classname="test.LinksFromMagentoSiteMapTestParallel" name="test" time="0.0">
    <skipped/>
  </testcase> <!-- test -->
  <testcase classname="test.LinksFromMagentoSiteMapTestParallel" name="test" time="0.0">
    <skipped/>
  </testcase> <!-- test -->
  <testcase classname="test.LinksFromMagentoSiteMapTestParallel" name="test" time="0.0">
    <skipped/>
  </testcase> <!-- test -->
  <testcase classname="test.LinksFromMagentoSiteMapTestParallel" name="test" time="0.0">
    <skipped/>
  </testcase> <!-- test -->
  <testcase classname="test.LinksFromMagentoSiteMapTestParallel" name="test" time="0.0">
    <skipped/>
  </testcase> <!-- test -->
  <testcase classname="test.LinksFromMagentoSiteMapTestParallel" name="test" time="0.0">
    <skipped/>
  </testcase> <!-- test -->
  <testcase classname="test.LinksFromMagentoSiteMapTestParallel" name="test" time="0.0">
    <skipped/>
  </testcase> <!-- test -->
  <testcase classname="test.LinksFromMagentoSiteMapTestParallel" name="test" time="0.0">
    <skipped/>
  </testcase> <!-- test -->
  <testcase classname="test.LinksFromMagentoSiteMapTestParallel" name="test" time="0.0">
    <skipped/>
  </testcase> <!-- test -->
  <testcase classname="test.LinksFromMagentoSiteMapTestParallel" name="test" time="0.0">
    <skipped/>
  </testcase> <!-- test -->
  <testcase classname="test.LinksFromMagentoSiteMapTestParallel" name="test" time="0.0">
    <skipped/>
  </testcase> <!-- test -->
  <testcase classname="test.LinksFromMagentoSiteMapTestParallel" name="test" time="0.0">
    <skipped/>
  </testcase> <!-- test -->
  <testcase classname="test.LinksFromMagentoSiteMapTestParallel" name="test" time="0.0">
    <skipped/>
  </testcase> <!-- test -->
  <testcase classname="test.LinksFromMagentoSiteMapTestParallel" name="test" time="0.0">
    <skipped/>
  </testcase> <!-- test -->
  <testcase classname="test.LinksFromMagentoSiteMapTestParallel" name="test" time="0.0">
    <skipped/>
  </testcase> <!-- test -->
  <testcase classname="test.LinksFromMagentoSiteMapTestParallel" name="test" time="0.0">
    <skipped/>
  </testcase> <!-- test -->
  <testcase classname="test.LinksFromMagentoSiteMapTestParallel" name="test" time="0.0">
    <skipped/>
  </testcase> <!-- test -->
  <testcase classname="test.LinksFromMagentoSiteMapTestParallel" name="test" time="0.0">
    <skipped/>
  </testcase> <!-- test -->
  <testcase classname="test.LinksFromMagentoSiteMapTestParallel" name="test" time="0.0">
    <skipped/>
  </testcase> <!-- test -->
  <testcase classname="test.LinksFromMagentoSiteMapTestParallel" name="test" time="0.0">
    <skipped/>
  </testcase> <!-- test -->
  <testcase classname="test.LinksFromMagentoSiteMapTestParallel" name="test" time="0.0">
    <skipped/>
  </testcase> <!-- test -->
  <testcase classname="test.LinksFromMagentoSiteMapTestParallel" name="test" time="0.0">
    <skipped/>
  </testcase> <!-- test -->
  <testcase classname="test.LinksFromMagentoSiteMapTestParallel" name="test" time="0.0">
    <skipped/>
  </testcase> <!-- test -->
  <testcase classname="test.LinksFromMagentoSiteMapTestParallel" name="test" time="0.0">
    <skipped/>
  </testcase> <!-- test -->
  <testcase classname="test.LinksFromMagentoSiteMapTestParallel" name="test" time="0.0">
    <skipped/>
  </testcase> <!-- test -->
  <testcase classname="test.LinksFromMagentoSiteMapTestParallel" name="test" time="0.0">
    <skipped/>
  </testcase> <!-- test -->
  <testcase classname="test.LinksFromMagentoSiteMapTestParallel" name="test" time="0.0">
    <skipped/>
  </testcase> <!-- test -->
  <testcase classname="test.LinksFromMagentoSiteMapTestParallel" name="test" time="0.0">
    <skipped/>
  </testcase> <!-- test -->
  <testcase classname="test.LinksFromMagentoSiteMapTestParallel" name="test" time="0.0">
    <skipped/>
  </testcase> <!-- test -->
  <testcase classname="test.LinksFromMagentoSiteMapTestParallel" name="test" time="0.0">
    <skipped/>
  </testcase> <!-- test -->
  <testcase classname="test.LinksFromMagentoSiteMapTestParallel" name="test" time="0.0">
    <skipped/>
  </testcase> <!-- test -->
  <testcase classname="test.LinksFromMagentoSiteMapTestParallel" name="test" time="0.0">
    <skipped/>
  </testcase> <!-- test -->
  <testcase classname="test.LinksFromMagentoSiteMapTestParallel" name="test" time="0.0">
    <skipped/>
  </testcase> <!-- test -->
  <testcase classname="test.LinksFromMagentoSiteMapTestParallel" name="test" time="0.0">
    <skipped/>
  </testcase> <!-- test -->
  <testcase classname="test.LinksFromMagentoSiteMapTestParallel" name="test" time="0.0">
    <skipped/>
  </testcase> <!-- test -->
  <testcase classname="test.LinksFromMagentoSiteMapTestParallel" name="test" time="0.0">
    <skipped/>
  </testcase> <!-- test -->
  <testcase classname="test.LinksFromMagentoSiteMapTestParallel" name="test" time="0.0">
    <skipped/>
  </testcase> <!-- test -->
  <testcase classname="test.LinksFromMagentoSiteMapTestParallel" name="test" time="0.0">
    <skipped/>
  </testcase> <!-- test -->
  <testcase classname="test.LinksFromMagentoSiteMapTestParallel" name="test" time="0.0">
    <skipped/>
  </testcase> <!-- test -->
  <testcase classname="test.LinksFromMagentoSiteMapTestParallel" name="test" time="0.0">
    <skipped/>
  </testcase> <!-- test -->
  <testcase classname="test.LinksFromMagentoSiteMapTestParallel" name="test" time="0.0">
    <skipped/>
  </testcase> <!-- test -->
  <testcase classname="test.LinksFromMagentoSiteMapTestParallel" name="test" time="0.0">
    <skipped/>
  </testcase> <!-- test -->
  <testcase classname="test.LinksFromMagentoSiteMapTestParallel" name="test" time="0.0">
    <skipped/>
  </testcase> <!-- test -->
  <testcase classname="test.LinksFromMagentoSiteMapTestParallel" name="test" time="0.0">
    <skipped/>
  </testcase> <!-- test -->
  <testcase classname="test.LinksFromMagentoSiteMapTestParallel" name="test" time="0.0">
    <skipped/>
  </testcase> <!-- test -->
  <testcase classname="test.LinksFromMagentoSiteMapTestParallel" name="test" time="0.0">
    <skipped/>
  </testcase> <!-- test -->
  <testcase classname="test.LinksFromMagentoSiteMapTestParallel" name="test" time="0.0">
    <skipped/>
  </testcase> <!-- test -->
  <testcase classname="test.LinksFromMagentoSiteMapTestParallel" name="test" time="0.0">
    <skipped/>
  </testcase> <!-- test -->
  <testcase classname="test.LinksFromMagentoSiteMapTestParallel" name="test" time="0.0">
    <skipped/>
  </testcase> <!-- test -->
  <testcase classname="test.LinksFromMagentoSiteMapTestParallel" name="test" time="0.0">
    <skipped/>
  </testcase> <!-- test -->
  <testcase classname="test.LinksFromMagentoSiteMapTestParallel" name="test" time="0.0">
    <skipped/>
  </testcase> <!-- test -->
  <testcase classname="test.LinksFromMagentoSiteMapTestParallel" name="test" time="0.0">
    <skipped/>
  </testcase> <!-- test -->
  <testcase classname="test.LinksFromMagentoSiteMapTestParallel" name="test" time="0.0">
    <skipped/>
  </testcase> <!-- test -->
  <testcase classname="test.LinksFromMagentoSiteMapTestParallel" name="test" time="0.0">
    <skipped/>
  </testcase> <!-- test -->
  <testcase classname="test.LinksFromMagentoSiteMapTestParallel" name="test" time="0.0">
    <skipped/>
  </testcase> <!-- test -->
  <testcase classname="test.LinksFromMagentoSiteMapTestParallel" name="test" time="0.0">
    <skipped/>
  </testcase> <!-- test -->
  <testcase classname="test.LinksFromMagentoSiteMapTestParallel" name="test" time="0.0">
    <skipped/>
  </testcase> <!-- test -->
  <testcase classname="test.LinksFromMagentoSiteMapTestParallel" name="test" time="0.0">
    <skipped/>
  </testcase> <!-- test -->
  <testcase classname="test.LinksFromMagentoSiteMapTestParallel" name="test" time="0.0">
    <skipped/>
  </testcase> <!-- test -->
  <testcase classname="test.LinksFromMagentoSiteMapTestParallel" name="test" time="0.0">
    <skipped/>
  </testcase> <!-- test -->
  <testcase classname="test.LinksFromMagentoSiteMapTestParallel" name="test" time="0.0">
    <skipped/>
  </testcase> <!-- test -->
  <testcase classname="test.LinksFromMagentoSiteMapTestParallel" name="test" time="0.0">
    <skipped/>
  </testcase> <!-- test -->
  <testcase classname="test.LinksFromMagentoSiteMapTestParallel" name="test" time="0.0">
    <skipped/>
  </testcase> <!-- test -->
  <testcase classname="test.LinksFromMagentoSiteMapTestParallel" name="test" time="0.0">
    <skipped/>
  </testcase> <!-- test -->
  <testcase classname="test.LinksFromMagentoSiteMapTestParallel" name="test" time="0.0">
    <skipped/>
  </testcase> <!-- test -->
  <testcase classname="test.LinksFromMagentoSiteMapTestParallel" name="test" time="0.0">
    <skipped/>
  </testcase> <!-- test -->
  <testcase classname="test.LinksFromMagentoSiteMapTestParallel" name="test" time="0.0">
    <skipped/>
  </testcase> <!-- test -->
  <testcase classname="test.LinksFromMagentoSiteMapTestParallel" name="test" time="0.0">
    <skipped/>
  </testcase> <!-- test -->
  <testcase classname="test.LinksFromMagentoSiteMapTestParallel" name="test" time="0.0">
    <skipped/>
  </testcase> <!-- test -->
  <testcase classname="test.LinksFromMagentoSiteMapTestParallel" name="test" time="0.0">
    <skipped/>
  </testcase> <!-- test -->
  <testcase classname="test.LinksFromMagentoSiteMapTestParallel" name="test" time="0.0">
    <skipped/>
  </testcase> <!-- test -->
  <testcase classname="test.LinksFromMagentoSiteMapTestParallel" name="test" time="0.0">
    <skipped/>
  </testcase> <!-- test -->
  <testcase classname="test.LinksFromMagentoSiteMapTestParallel" name="test" time="0.0">
    <skipped/>
  </testcase> <!-- test -->
  <testcase classname="test.LinksFromMagentoSiteMapTestParallel" name="test" time="0.0">
    <skipped/>
  </testcase> <!-- test -->
  <testcase classname="test.LinksFromMagentoSiteMapTestParallel" name="test" time="0.0">
    <skipped/>
  </testcase> <!-- test -->
  <testcase classname="test.LinksFromMagentoSiteMapTestParallel" name="test" time="0.0">
    <skipped/>
  </testcase> <!-- test -->
  <testcase classname="test.LinksFromMagentoSiteMapTestParallel" name="test" time="0.0">
    <skipped/>
  </testcase> <!-- test -->
  <testcase classname="test.LinksFromMagentoSiteMapTestParallel" name="test" time="0.0">
    <skipped/>
  </testcase> <!-- test -->
  <testcase classname="test.LinksFromMagentoSiteMapTestParallel" name="test" time="0.0">
    <skipped/>
  </testcase> <!-- test -->
  <testcase classname="test.LinksFromMagentoSiteMapTestParallel" name="test" time="0.0">
    <skipped/>
  </testcase> <!-- test -->
  <testcase classname="test.LinksFromMagentoSiteMapTestParallel" name="test" time="0.0">
    <skipped/>
  </testcase> <!-- test -->
  <testcase classname="test.LinksFromMagentoSiteMapTestParallel" name="test" time="0.0">
    <skipped/>
  </testcase> <!-- test -->
  <testcase classname="test.LinksFromMagentoSiteMapTestParallel" name="test" time="0.0">
    <skipped/>
  </testcase> <!-- test -->
  <testcase classname="test.LinksFromMagentoSiteMapTestParallel" name="test" time="0.0">
    <skipped/>
  </testcase> <!-- test -->
  <testcase classname="test.LinksFromMagentoSiteMapTestParallel" name="test" time="0.0">
    <skipped/>
  </testcase> <!-- test -->
  <testcase classname="test.LinksFromMagentoSiteMapTestParallel" name="test" time="0.0">
    <skipped/>
  </testcase> <!-- test -->
  <testcase classname="test.LinksFromMagentoSiteMapTestParallel" name="test" time="0.0">
    <skipped/>
  </testcase> <!-- test -->
  <testcase classname="test.LinksFromMagentoSiteMapTestParallel" name="test" time="0.0">
    <skipped/>
  </testcase> <!-- test -->
  <testcase classname="test.LinksFromMagentoSiteMapTestParallel" name="test" time="0.0">
    <skipped/>
  </testcase> <!-- test -->
  <testcase classname="test.LinksFromMagentoSiteMapTestParallel" name="test" time="0.0">
    <skipped/>
  </testcase> <!-- test -->
  <testcase classname="test.LinksFromMagentoSiteMapTestParallel" name="test" time="0.0">
    <skipped/>
  </testcase> <!-- test -->
  <testcase classname="test.LinksFromMagentoSiteMapTestParallel" name="test" time="0.0">
    <skipped/>
  </testcase> <!-- test -->
  <testcase classname="test.LinksFromMagentoSiteMapTestParallel" name="test" time="0.0">
    <skipped/>
  </testcase> <!-- test -->
  <testcase classname="test.LinksFromMagentoSiteMapTestParallel" name="test" time="0.0">
    <skipped/>
  </testcase> <!-- test -->
  <testcase classname="test.LinksFromMagentoSiteMapTestParallel" name="test" time="0.0">
    <skipped/>
  </testcase> <!-- test -->
  <testcase classname="test.LinksFromMagentoSiteMapTestParallel" name="test" time="0.0">
    <skipped/>
  </testcase> <!-- test -->
  <testcase classname="test.LinksFromMagentoSiteMapTestParallel" name="test" time="0.0">
    <skipped/>
  </testcase> <!-- test -->
  <testcase classname="test.LinksFromMagentoSiteMapTestParallel" name="test" time="0.0">
    <skipped/>
  </testcase> <!-- test -->
  <testcase classname="test.LinksFromMagentoSiteMapTestParallel" name="test" time="0.0">
    <skipped/>
  </testcase> <!-- test -->
  <testcase classname="test.LinksFromMagentoSiteMapTestParallel" name="test" time="0.0">
    <skipped/>
  </testcase> <!-- test -->
  <testcase classname="test.LinksFromMagentoSiteMapTestParallel" name="test" time="0.0">
    <skipped/>
  </testcase> <!-- test -->
  <testcase classname="test.LinksFromMagentoSiteMapTestParallel" name="test" time="0.0">
    <skipped/>
  </testcase> <!-- test -->
  <testcase classname="test.LinksFromMagentoSiteMapTestParallel" name="test" time="0.0">
    <skipped/>
  </testcase> <!-- test -->
  <testcase classname="test.LinksFromMagentoSiteMapTestParallel" name="test" time="0.0">
    <skipped/>
  </testcase> <!-- test -->
  <testcase classname="test.LinksFromMagentoSiteMapTestParallel" name="test" time="0.0">
    <skipped/>
  </testcase> <!-- test -->
  <testcase classname="test.LinksFromMagentoSiteMapTestParallel" name="test" time="0.0">
    <skipped/>
  </testcase> <!-- test -->
  <testcase classname="test.LinksFromMagentoSiteMapTestParallel" name="test" time="0.0">
    <skipped/>
  </testcase> <!-- test -->
  <testcase classname="test.LinksFromMagentoSiteMapTestParallel" name="test" time="0.0">
    <skipped/>
  </testcase> <!-- test -->
  <testcase classname="test.LinksFromMagentoSiteMapTestParallel" name="test" time="0.0">
    <skipped/>
  </testcase> <!-- test -->
  <testcase classname="test.LinksFromMagentoSiteMapTestParallel" name="test" time="0.0">
    <skipped/>
  </testcase> <!-- test -->
  <testcase classname="test.LinksFromMagentoSiteMapTestParallel" name="test" time="0.0">
    <skipped/>
  </testcase> <!-- test -->
  <testcase classname="test.LinksFromMagentoSiteMapTestParallel" name="test" time="0.0">
    <skipped/>
  </testcase> <!-- test -->
  <testcase classname="test.LinksFromMagentoSiteMapTestParallel" name="test" time="0.0">
    <skipped/>
  </testcase> <!-- test -->
  <testcase classname="test.LinksFromMagentoSiteMapTestParallel" name="test" time="0.0">
    <skipped/>
  </testcase> <!-- test -->
  <testcase classname="test.LinksFromMagentoSiteMapTestParallel" name="test" time="0.0">
    <skipped/>
  </testcase> <!-- test -->
  <testcase classname="test.LinksFromMagentoSiteMapTestParallel" name="test" time="0.0">
    <skipped/>
  </testcase> <!-- test -->
  <testcase classname="test.LinksFromMagentoSiteMapTestParallel" name="test" time="0.0">
    <skipped/>
  </testcase> <!-- test -->
  <testcase classname="test.LinksFromMagentoSiteMapTestParallel" name="test" time="0.0">
    <skipped/>
  </testcase> <!-- test -->
  <testcase classname="test.LinksFromMagentoSiteMapTestParallel" name="test" time="0.0">
    <skipped/>
  </testcase> <!-- test -->
  <testcase classname="test.LinksFromMagentoSiteMapTestParallel" name="test" time="0.0">
    <skipped/>
  </testcase> <!-- test -->
  <testcase classname="test.LinksFromMagentoSiteMapTestParallel" name="test" time="0.0">
    <skipped/>
  </testcase> <!-- test -->
  <testcase classname="test.LinksFromMagentoSiteMapTestParallel" name="test" time="0.0">
    <skipped/>
  </testcase> <!-- test -->
  <testcase classname="test.LinksFromMagentoSiteMapTestParallel" name="test" time="0.0">
    <skipped/>
  </testcase> <!-- test -->
  <testcase classname="test.LinksFromMagentoSiteMapTestParallel" name="test" time="0.0">
    <skipped/>
  </testcase> <!-- test -->
  <testcase classname="test.LinksFromMagentoSiteMapTestParallel" name="test" time="0.0">
    <skipped/>
  </testcase> <!-- test -->
  <testcase classname="test.LinksFromMagentoSiteMapTestParallel" name="test" time="0.0">
    <skipped/>
  </testcase> <!-- test -->
  <testcase classname="test.LinksFromMagentoSiteMapTestParallel" name="test" time="0.0">
    <skipped/>
  </testcase> <!-- test -->
  <testcase classname="test.LinksFromMagentoSiteMapTestParallel" name="test" time="0.0">
    <skipped/>
  </testcase> <!-- test -->
  <testcase classname="test.LinksFromMagentoSiteMapTestParallel" name="test" time="0.0">
    <skipped/>
  </testcase> <!-- test -->
  <testcase classname="test.LinksFromMagentoSiteMapTestParallel" name="test" time="0.0">
    <skipped/>
  </testcase> <!-- test -->
  <testcase classname="test.LinksFromMagentoSiteMapTestParallel" name="test" time="0.0">
    <skipped/>
  </testcase> <!-- test -->
  <testcase classname="test.LinksFromMagentoSiteMapTestParallel" name="test" time="0.0">
    <skipped/>
  </testcase> <!-- test -->
  <testcase classname="test.LinksFromMagentoSiteMapTestParallel" name="test" time="0.0">
    <skipped/>
  </testcase> <!-- test -->
  <testcase classname="test.LinksFromMagentoSiteMapTestParallel" name="test" time="0.0">
    <skipped/>
  </testcase> <!-- test -->
  <testcase classname="test.LinksFromMagentoSiteMapTestParallel" name="test" time="0.0">
    <skipped/>
  </testcase> <!-- test -->
  <testcase classname="test.LinksFromMagentoSiteMapTestParallel" name="test" time="0.0">
    <skipped/>
  </testcase> <!-- test -->
  <testcase classname="test.LinksFromMagentoSiteMapTestParallel" name="test" time="0.0">
    <skipped/>
  </testcase> <!-- test -->
  <testcase classname="test.LinksFromMagentoSiteMapTestParallel" name="test" time="0.0">
    <skipped/>
  </testcase> <!-- test -->
  <testcase classname="test.LinksFromMagentoSiteMapTestParallel" name="test" time="0.0">
    <skipped/>
  </testcase> <!-- test -->
  <testcase classname="test.LinksFromMagentoSiteMapTestParallel" name="test" time="0.0">
    <skipped/>
  </testcase> <!-- test -->
  <testcase classname="test.LinksFromMagentoSiteMapTestParallel" name="test" time="0.0">
    <skipped/>
  </testcase> <!-- test -->
  <testcase classname="test.LinksFromMagentoSiteMapTestParallel" name="test" time="0.0">
    <skipped/>
  </testcase> <!-- test -->
  <testcase classname="test.LinksFromMagentoSiteMapTestParallel" name="test" time="0.0">
    <skipped/>
  </testcase> <!-- test -->
  <testcase classname="test.LinksFromMagentoSiteMapTestParallel" name="test" time="0.0">
    <skipped/>
  </testcase> <!-- test -->
  <testcase classname="test.LinksFromMagentoSiteMapTestParallel" name="test" time="0.0">
    <skipped/>
  </testcase> <!-- test -->
  <testcase classname="test.LinksFromMagentoSiteMapTestParallel" name="test" time="0.0">
    <skipped/>
  </testcase> <!-- test -->
  <testcase classname="test.LinksFromMagentoSiteMapTestParallel" name="test" time="0.0">
    <skipped/>
  </testcase> <!-- test -->
  <testcase classname="test.LinksFromMagentoSiteMapTestParallel" name="test" time="0.0">
    <skipped/>
  </testcase> <!-- test -->
  <testcase classname="test.LinksFromMagentoSiteMapTestParallel" name="test" time="0.0">
    <skipped/>
  </testcase> <!-- test -->
  <testcase classname="test.LinksFromMagentoSiteMapTestParallel" name="test" time="0.0">
    <skipped/>
  </testcase> <!-- test -->
  <testcase classname="test.LinksFromMagentoSiteMapTestParallel" name="test" time="0.0">
    <skipped/>
[...]
  </testcase> <!-- test -->
  <testcase classname="test.LinksFromMagentoSiteMapTestParallel" name="test" time="0.0">
    <skipped/>
  </testcase> <!-- test -->
  <testcase classname="test.LinksFromMagentoSiteMapTestParallel" name="test" time="0.0">
    <skipped/>
  </testcase> <!-- test -->
  <testcase classname="test.LinksFromMagentoSiteMapTestParallel" name="test" time="0.0">
    <skipped/>
  </testcase> <!-- test -->
  <testcase classname="test.LinksFromMagentoSiteMapTestParallel" name="test" time="0.0">
    <skipped/>
  </testcase> <!-- test -->
  <testcase classname="test.LinksFromMagentoSiteMapTestParallel" name="test" time="0.0">
    <skipped/>
  </testcase> <!-- test -->
  <testcase classname="test.LinksFromMagentoSiteMapTestParallel" name="test" time="0.0">
    <skipped/>
  </testcase> <!-- test -->
  <testcase classname="test.LinksFromMagentoSiteMapTestParallel" name="test" time="0.0">
    <skipped/>
  </testcase> <!-- test -->
  <testcase classname="test.LinksFromMagentoSiteMapTestParallel" name="test" time="0.0">
    <skipped/>
  </testcase> <!-- test -->
  <testcase classname="test.LinksFromMagentoSiteMapTestParallel" name="test" time="0.0">
    <skipped/>
  </testcase> <!-- test -->
  <testcase classname="test.LinksFromMagentoSiteMapTestParallel" name="test" time="0.0">
    <skipped/>
  </testcase> <!-- test -->
  <testcase classname="test.LinksFromMagentoSiteMapTestParallel" name="test" time="0.0">
    <skipped/>
  </testcase> <!-- test -->
  <testcase classname="test.LinksFromMagentoSiteMapTestParallel" name="test" time="0.0">
    <skipped/>
  </testcase> <!-- test -->
  <testcase classname="test.LinksFromMagentoSiteMapTestParallel" name="test" time="0.0">
    <skipped/>
  </testcase> <!-- test -->
  <testcase classname="test.LinksFromMagentoSiteMapTestParallel" name="test" time="0.0">
    <skipped/>
  </testcase> <!-- test -->
  <testcase classname="test.LinksFromMagentoSiteMapTestParallel" name="test" time="0.0">
    <skipped/>
  </testcase> <!-- test -->
  <testcase classname="test.LinksFromMagentoSiteMapTestParallel" name="test" time="0.0">
    <skipped/>
  </testcase> <!-- test -->
  <testcase classname="test.LinksFromMagentoSiteMapTestParallel" name="test" time="0.0">
    <skipped/>
  </testcase> <!-- test -->
  <testcase classname="test.LinksFromMagentoSiteMapTestParallel" name="test" time="0.0">
    <skipped/>
  </testcase> <!-- test -->
  <testcase classname="test.LinksFromMagentoSiteMapTestParallel" name="test" time="0.0">
    <skipped/>
  </testcase> <!-- test -->
  <testcase classname="test.LinksFromMagentoSiteMapTestParallel" name="test" time="0.0">
    <skipped/>
  </testcase> <!-- test -->
  <testcase classname="test.LinksFromMagentoSiteMapTestParallel" name="test" time="0.0">
    <skipped/>
  </testcase> <!-- test -->
  <testcase classname="test.LinksFromMagentoSiteMapTestParallel" name="test" time="0.0">
    <skipped/>
  </testcase> <!-- test -->
  <testcase classname="test.LinksFromMagentoSiteMapTestParallel" name="test" time="0.0">
    <skipped/>
  </testcase> <!-- test -->
  <testcase classname="test.LinksFromMagentoSiteMapTestParallel" name="test" time="0.0">
    <skipped/>
  </testcase> <!-- test -->
  <testcase classname="test.LinksFromMagentoSiteMapTestParallel" name="test" time="0.0">
    <skipped/>
  </testcase> <!-- test -->
  <testcase classname="test.LinksFromMagentoSiteMapTestParallel" name="test" time="0.0">
    <skipped/>
  </testcase> <!-- test -->
  <testcase classname="test.LinksFromMagentoSiteMapTestParallel" name="test" time="0.0">
    <skipped/>
  </testcase> <!-- test -->
  <testcase classname="test.LinksFromMagentoSiteMapTestParallel" name="test" time="0.0">
    <skipped/>
  </testcase> <!-- test -->
  <testcase classname="test.LinksFromMagentoSiteMapTestParallel" name="test" time="0.0">
    <skipped/>
  </testcase> <!-- test -->
  <testcase classname="test.LinksFromMagentoSiteMapTestParallel" name="test" time="0.0">
    <skipped/>
  </testcase> <!-- test -->
  <testcase classname="test.LinksFromMagentoSiteMapTestParallel" name="test" time="0.0">
    <skipped/>
  </testcase> <!-- test -->
  <testcase classname="test.LinksFromMagentoSiteMapTestParallel" name="test" time="0.0">
    <skipped/>
  </testcase> <!-- test -->
  <testcase classname="test.LinksFromMagentoSiteMapTestParallel" name="test" time="0.0">
    <skipped/>
  </testcase> <!-- test -->
  <testcase classname="test.LinksFromMagentoSiteMapTestParallel" name="test" time="0.0">
    <skipped/>
  </testcase> <!-- test -->
  <testcase classname="test.LinksFromMagentoSiteMapTestParallel" name="test" time="0.0">
    <skipped/>
  </testcase> <!-- test -->
  <testcase classname="test.LinksFromMagentoSiteMapTestParallel" name="test" time="0.0">
    <skipped/>
  </testcase> <!-- test -->
  <testcase classname="test.LinksFromMagentoSiteMapTestParallel" name="test" time="0.0">
    <skipped/>
  </testcase> <!-- test -->
  <testcase classname="test.LinksFromMagentoSiteMapTestParallel" name="test" time="0.0">
    <skipped/>
  </testcase> <!-- test -->
  <testcase classname="test.LinksFromMagentoSiteMapTestParallel" name="test" time="0.0">
    <skipped/>
  </testcase> <!-- test -->
  <testcase classname="test.LinksFromMagentoSiteMapTestParallel" name="test" time="0.0">
    <skipped/>
  </testcase> <!-- test -->
  <testcase classname="test.LinksFromMagentoSiteMapTestParallel" name="test" time="0.0">
    <skipped/>
  </testcase> <!-- test -->
  <testcase classname="test.LinksFromMagentoSiteMapTestParallel" name="test" time="0.0">
    <skipped/>
  </testcase> <!-- test -->
  <testcase classname="test.LinksFromMagentoSiteMapTestParallel" name="test" time="0.0">
    <skipped/>
  </testcase> <!-- test -->
  <testcase classname="test.LinksFromMagentoSiteMapTestParallel" name="test" time="0.0">
    <skipped/>
  </testcase> <!-- test -->
  <testcase classname="test.LinksFromMagentoSiteMapTestParallel" name="test" time="0.0">
    <skipped/>
  </testcase> <!-- test -->
  <testcase classname="test.LinksFromMagentoSiteMapTestParallel" name="test" time="0.0">
    <skipped/>
  </testcase> <!-- test -->
  <testcase classname="test.LinksFromMagentoSiteMapTestParallel" name="test" time="0.0">
    <skipped/>
  </testcase> <!-- test -->
  <testcase classname="test.LinksFromMagentoSiteMapTestParallel" name="test" time="0.0">
    <skipped/>
  </testcase> <!-- test -->
  <testcase classname="test.LinksFromMagentoSiteMapTestParallel" name="test" time="0.0">
    <skipped/>
  </testcase> <!-- test -->
  <testcase classname="test.LinksFromMagentoSiteMapTestParallel" name="test" time="0.0">
    <skipped/>
  </testcase> <!-- test -->
  <testcase classname="test.LinksFromMagentoSiteMapTestParallel" name="test" time="0.0">
    <skipped/>
  </testcase> <!-- test -->
  <testcase classname="test.LinksFromMagentoSiteMapTestParallel" name="test" time="0.0">
    <skipped/>
  </testcase> <!-- test -->
  <testcase classname="test.LinksFromMagentoSiteMapTestParallel" name="test" time="0.0">
    <skipped/>
  </testcase> <!-- test -->
  <testcase classname="test.LinksFromMagentoSiteMapTestParallel" name="test" time="0.0">
    <skipped/>
  </testcase> <!-- test -->
  <testcase classname="test.LinksFromMagentoSiteMapTestParallel" name="test" time="0.0">
    <skipped/>
  </testcase> <!-- test -->
  <testcase classname="test.LinksFromMagentoSiteMapTestParallel" name="test" time="0.0">
    <skipped/>
  </testcase> <!-- test -->
  <testcase classname="test.LinksFromMagentoSiteMapTestParallel" name="test" time="0.0">
    <skipped/>
  </testcase> <!-- test -->
  <testcase classname="test.LinksFromMagentoSiteMapTestParallel" name="test" time="0.0">
    <skipped/>
  </testcase> <!-- test -->
  <testcase classname="test.LinksFromMagentoSiteMapTestParallel" name="test" time="0.0">
    <skipped/>
  </testcase> <!-- test -->
  <testcase classname="test.LinksFromMagentoSiteMapTestParallel" name="test" time="0.0">
    <skipped/>
  </testcase> <!-- test -->
  <testcase classname="test.LinksFromMagentoSiteMapTestParallel" name="test" time="0.0">
    <skipped/>
  </testcase> <!-- test -->
  <testcase classname="test.LinksFromMagentoSiteMapTestParallel" name="test" time="0.0">
    <skipped/>
  </testcase> <!-- test -->
  <testcase classname="test.LinksFromMagentoSiteMapTestParallel" name="test" time="0.0">
    <skipped/>
  </testcase> <!-- test -->
  <testcase classname="test.LinksFromMagentoSiteMapTestParallel" name="test" time="0.0">
    <skipped/>
  </testcase> <!-- test -->
  <testcase classname="test.LinksFromMagentoSiteMapTestParallel" name="test" time="0.0">
    <skipped/>
  </testcase> <!-- test -->
  <testcase classname="test.LinksFromMagentoSiteMapTestParallel" name="test" time="0.0">
    <skipped/>
  </testcase> <!-- test -->
  <testcase classname="test.LinksFromMagentoSiteMapTestParallel" name="test" time="0.0">
    <skipped/>
  </testcase> <!-- test -->
  <testcase classname="test.LinksFromMagentoSiteMapTestParallel" name="test" time="0.0">
    <skipped/>
  </testcase> <!-- test -->
  <testcase classname="test.LinksFromMagentoSiteMapTestParallel" name="test" time="0.0">
    <skipped/>
  </testcase> <!-- test -->
  <testcase classname="test.LinksFromMagentoSiteMapTestParallel" name="test" time="0.0">
    <skipped/>
  </testcase> <!-- test -->
  <testcase classname="test.LinksFromMagentoSiteMapTestParallel" name="test" time="0.0">
    <skipped/>
  </testcase> <!-- test -->
  <testcase classname="test.LinksFromMagentoSiteMapTestParallel" name="test" time="0.0">
    <skipped/>
  </testcase> <!-- test -->
  <testcase classname="test.LinksFromMagentoSiteMapTestParallel" name="test" time="0.0">
    <skipped/>
  </testcase> <!-- test -->
  <testcase classname="test.LinksFromMagentoSiteMapTestParallel" name="test" time="0.0">
    <skipped/>
  </testcase> <!-- test -->
  <testcase classname="test.LinksFromMagentoSiteMapTestParallel" name="test" time="0.0">
    <skipped/>
  </testcase> <!-- test -->
  <testcase classname="test.LinksFromMagentoSiteMapTestParallel" name="test" time="0.0">
    <skipped/>
  </testcase> <!-- test -->
  <testcase classname="test.LinksFromMagentoSiteMapTestParallel" name="test" time="0.0">
    <skipped/>
  </testcase> <!-- test -->
  <testcase classname="test.LinksFromMagentoSiteMapTestParallel" name="test" time="0.0">
    <skipped/>
  </testcase> <!-- test -->
  <testcase classname="test.LinksFromMagentoSiteMapTestParallel" name="test" time="0.0">
    <skipped/>
  </testcase> <!-- test -->
  <testcase classname="test.LinksFromMagentoSiteMapTestParallel" name="test" time="0.0">
    <skipped/>
  </testcase> <!-- test -->
  <testcase classname="test.LinksFromMagentoSiteMapTestParallel" name="test" time="0.0">
    <skipped/>
  </testcase> <!-- test -->
  <testcase classname="test.LinksFromMagentoSiteMapTestParallel" name="test" time="0.0">
    <skipped/>
  </testcase> <!-- test -->
  <testcase classname="test.LinksFromMagentoSiteMapTestParallel" name="test" time="0.0">
    <skipped/>
  </testcase> <!-- test -->
  <testcase classname="test.LinksFromMagentoSiteMapTestParallel" name="test" time="0.0">
    <skipped/>
  </testcase> <!-- test -->
  <testcase classname="test.LinksFromMagentoSiteMapTestParallel" name="test" time="0.0">
    <skipped/>
  </testcase> <!-- test -->
  <testcase classname="test.LinksFromMagentoSiteMapTestParallel" name="test" time="0.0">
    <skipped/>
  </testcase> <!-- test -->
  <testcase classname="test.LinksFromMagentoSiteMapTestParallel" name="test" time="0.0">
    <skipped/>
  </testcase> <!-- test -->
  <testcase classname="test.LinksFromMagentoSiteMapTestParallel" name="test" time="0.0">
    <skipped/>
  </testcase> <!-- test -->
  <testcase classname="test.LinksFromMagentoSiteMapTestParallel" name="test" time="0.0">
    <skipped/>
  </testcase> <!-- test -->
  <testcase classname="test.LinksFromMagentoSiteMapTestParallel" name="test" time="0.0">
    <skipped/>
  </testcase> <!-- test -->
  <testcase classname="test.LinksFromMagentoSiteMapTestParallel" name="test" time="0.0">
    <skipped/>
  </testcase> <!-- test -->
  <testcase classname="test.LinksFromMagentoSiteMapTestParallel" name="test" time="0.0">
    <skipped/>
  </testcase> <!-- test -->
  <testcase classname="test.LinksFromMagentoSiteMapTestParallel" name="test" time="0.0">
    <skipped/>
  </testcase> <!-- test -->
  <testcase classname="test.LinksFromMagentoSiteMapTestParallel" name="test" time="0.0">
    <skipped/>
  </testcase> <!-- test -->
  <testcase classname="test.LinksFromMagentoSiteMapTestParallel" name="test" time="0.0">
    <skipped/>
  </testcase> <!-- test -->
  <testcase classname="test.LinksFromMagentoSiteMapTestParallel" name="test" time="0.0">
    <skipped/>
  </testcase> <!-- test -->
  <testcase classname="test.LinksFromMagentoSiteMapTestParallel" name="test" time="0.0">
    <skipped/>
  </testcase> <!-- test -->
  <testcase classname="test.LinksFromMagentoSiteMapTestParallel" name="test" time="0.0">
    <skipped/>
  </testcase> <!-- test -->
  <testcase classname="test.LinksFromMagentoSiteMapTestParallel" name="test" time="0.0">
    <skipped/>
  </testcase> <!-- test -->
  <testcase classname="test.LinksFromMagentoSiteMapTestParallel" name="test" time="0.0">
    <skipped/>
  </testcase> <!-- test -->
  <testcase classname="test.LinksFromMagentoSiteMapTestParallel" name="test" time="0.0">
    <skipped/>
  </testcase> <!-- test -->
  <testcase classname="test.LinksFromMagentoSiteMapTestParallel" name="test" time="0.0">
    <skipped/>
  </testcase> <!-- test -->
  <testcase classname="test.LinksFromMagentoSiteMapTestParallel" name="test" time="0.0">
    <skipped/>
  </testcase> <!-- test -->
  <testcase classname="test.LinksFromMagentoSiteMapTestParallel" name="test" time="0.0">
    <skipped/>
  </testcase> <!-- test -->
  <testcase classname="test.LinksFromMagentoSiteMapTestParallel" name="test" time="0.0">
    <skipped/>
  </testcase> <!-- test -->
  <testcase classname="test.LinksFromMagentoSiteMapTestParallel" name="test" time="0.0">
    <skipped/>
  </testcase> <!-- test -->
  <testcase classname="test.LinksFromMagentoSiteMapTestParallel" name="test" time="0.0">
    <skipped/>
  </testcase> <!-- test -->
  <testcase classname="test.LinksFromMagentoSiteMapTestParallel" name="test" time="0.0">
    <skipped/>
  </testcase> <!-- test -->
  <testcase classname="test.LinksFromMagentoSiteMapTestParallel" name="test" time="0.0">
    <skipped/>
  </testcase> <!-- test -->
  <testcase classname="test.LinksFromMagentoSiteMapTestParallel" name="test" time="0.0">
    <skipped/>
  </testcase> <!-- test -->
  <testcase classname="test.LinksFromMagentoSiteMapTestParallel" name="test" time="0.0">
    <skipped/>
  </testcase> <!-- test -->
  <testcase classname="test.LinksFromMagentoSiteMapTestParallel" name="test" time="0.0">
    <skipped/>
  </testcase> <!-- test -->
  <testcase classname="test.LinksFromMagentoSiteMapTestParallel" name="test" time="0.0">
    <skipped/>
  </testcase> <!-- test -->
  <testcase classname="test.LinksFromMagentoSiteMapTestParallel" name="test" time="0.0">
    <skipped/>
  </testcase> <!-- test -->
  <testcase classname="test.LinksFromMagentoSiteMapTestParallel" name="test" time="0.0">
    <skipped/>
  </testcase> <!-- test -->
  <testcase classname="test.LinksFromMagentoSiteMapTestParallel" name="test" time="0.0">
    <skipped/>
  </testcase> <!-- test -->
  <testcase classname="test.LinksFromMagentoSiteMapTestParallel" name="test" time="0.0">
    <skipped/>
  </testcase> <!-- test -->
  <testcase classname="test.LinksFromMagentoSiteMapTestParallel" name="test" time="0.0">
    <skipped/>
  </testcase> <!-- test -->
  <testcase classname="test.LinksFromMagentoSiteMapTestParallel" name="test" time="0.0">
    <skipped/>
  </testcase> <!-- test -->
  <testcase classname="test.LinksFromMagentoSiteMapTestParallel" name="test" time="0.0">
    <skipped/>
  </testcase> <!-- test -->
  <testcase classname="test.LinksFromMagentoSiteMapTestParallel" name="test" time="0.0">
    <skipped/>
  </testcase> <!-- test -->
  <testcase classname="test.LinksFromMagentoSiteMapTestParallel" name="test" time="0.0">
    <skipped/>
  </testcase> <!-- test -->
  <testcase classname="test.LinksFromMagentoSiteMapTestParallel" name="test" time="0.0">
    <skipped/>
  </testcase> <!-- test -->
  <testcase classname="test.LinksFromMagentoSiteMapTestParallel" name="test" time="0.0">
    <skipped/>
  </testcase> <!-- test -->
  <testcase classname="test.LinksFromMagentoSiteMapTestParallel" name="test" time="0.0">
    <skipped/>
  </testcase> <!-- test -->
  <testcase classname="test.LinksFromMagentoSiteMapTestParallel" name="test" time="0.0">
    <skipped/>
  </testcase> <!-- test -->
  <testcase classname="test.LinksFromMagentoSiteMapTestParallel" name="test" time="0.0">
    <skipped/>
  </testcase> <!-- test -->
  <testcase classname="test.LinksFromMagentoSiteMapTestParallel" name="test" time="0.0">
    <skipped/>
  </testcase> <!-- test -->
  <testcase classname="test.LinksFromMagentoSiteMapTestParallel" name="test" time="0.0">
    <skipped/>
  </testcase> <!-- test -->
  <testcase classname="test.LinksFromMagentoSiteMapTestParallel" name="test" time="0.0">
    <skipped/>
  </testcase> <!-- test -->
  <testcase classname="test.LinksFromMagentoSiteMapTestParallel" name="test" time="0.0">
    <skipped/>
  </testcase> <!-- test -->
  <testcase classname="test.LinksFromMagentoSiteMapTestParallel" name="test" time="0.0">
    <skipped/>
  </testcase> <!-- test -->
  <testcase classname="test.LinksFromMagentoSiteMapTestParallel" name="test" time="0.0">
    <skipped/>
  </testcase> <!-- test -->
  <testcase classname="test.LinksFromMagentoSiteMapTestParallel" name="test" time="0.0">
    <skipped/>
  </testcase> <!-- test -->
  <testcase classname="test.LinksFromMagentoSiteMapTestParallel" name="test" time="0.0">
    <skipped/>
  </testcase> <!-- test -->
  <testcase classname="test.LinksFromMagentoSiteMapTestParallel" name="test" time="0.0">
    <skipped/>
  </testcase> <!-- test -->
  <testcase classname="test.LinksFromMagentoSiteMapTestParallel" name="test" time="0.0">
    <skipped/>
  </testcase> <!-- test -->
  <testcase classname="test.LinksFromMagentoSiteMapTestParallel" name="test" time="0.0">
    <skipped/>
  </testcase> <!-- test -->
  <testcase classname="test.LinksFromMagentoSiteMapTestParallel" name="test" time="0.0">
    <skipped/>
  </testcase> <!-- test -->
  <testcase classname="test.LinksFromMagentoSiteMapTestParallel" name="test" time="0.0">
    <skipped/>
  </testcase> <!-- test -->
  <testcase classname="test.LinksFromMagentoSiteMapTestParallel" name="test" time="0.0">
    <skipped/>
  </testcase> <!-- test -->
  <testcase classname="test.LinksFromMagentoSiteMapTestParallel" name="test" time="0.0">
    <skipped/>
  </testcase> <!-- test -->
  <testcase classname="test.LinksFromMagentoSiteMapTestParallel" name="test" time="0.0">
    <skipped/>
  </testcase> <!-- test -->
  <testcase classname="test.LinksFromMagentoSiteMapTestParallel" name="test" time="0.0">
    <skipped/>
  </testcase> <!-- test -->
  <testcase classname="test.LinksFromMagentoSiteMapTestParallel" name="test" time="0.0">
    <skipped/>
  </testcase> <!-- test -->
  <testcase classname="test.LinksFromMagentoSiteMapTestParallel" name="test" time="0.0">
    <skipped/>
  </testcase> <!-- test -->
  <testcase classname="test.LinksFromMagentoSiteMapTestParallel" name="test" time="0.0">
    <skipped/>
  </testcase> <!-- test -->
  <testcase classname="test.LinksFromMagentoSiteMapTestParallel" name="test" time="0.0">
    <skipped/>
  </testcase> <!-- test -->
  <testcase classname="test.LinksFromMagentoSiteMapTestParallel" name="test" time="0.0">
    <skipped/>
  </testcase> <!-- test -->
  <testcase classname="test.LinksFromMagentoSiteMapTestParallel" name="test" time="0.0">
    <skipped/>
  </testcase> <!-- test -->
  <testcase classname="test.LinksFromMagentoSiteMapTestParallel" name="test" time="0.0">
    <skipped/>
  </testcase> <!-- test -->
</testsuite> <!-- Test -->
