<?xml version="1.0" encoding="UTF-8"?>
<!-- Generated by org.testng.reporters.JUnitXMLReporter -->
<testsuite ignored="0" hostname="DESKTOP-BKTF0GS" failures="0" tests="3" name="Test" time="98.091" errors="0" timestamp="25 Jul 2020 15:35:25 GMT">
  <testcase classname="test.LinksFromMagentoSiteMapTestParallel" name="test" time="75.363"/>
  <testcase classname="test.LinksFromMagentoSiteMapTestParallel" name="test" time="91.19"/>
  <testcase classname="test.LinksFromMagentoSiteMapTestParallel" name="test" time="97.966"/>
</testsuite> <!-- Test -->
