<?xml version="1.0" encoding="UTF-8"?>
<testsuite xmlns:xsi="http://www.w3.org/2001/XMLSchema-instance" xsi:noNamespaceSchemaLocation="https://maven.apache.org/surefire/maven-surefire-plugin/xsd/surefire-test-report-3.0.xsd" version="3.0" name="TestSuite" time="110.815" tests="3" errors="0" skipped="0" failures="0">
  <properties>
[...]
</properties>
  <testcase name="test" classname="test.LinksFromMagentoSiteMapTestParallel" time="75.498">
    <system-out><![CDATA[[TestNGContentHandler] [WARN] It is strongly recommended to add "<!DOCTYPE suite SYSTEM "http://testng.org/testng-1.0.dtd" >" at the top of your file, otherwise TestNG may fail or not work as expected.
urlset
Before suite...
https://devaws2.rainierarms.com/geissele-super-gas-block/
https://devaws2.rainierarms.com/danger-close-armament-sig-sauer-p365-signature-pistol-fde-rainier-arms-exclusive/
https://devaws2.rainierarms.com/adams-arms-piston-kit-p-series-adj-micro-block-low-mass/
https://devaws2.rainierarms.com/danger-close-armament-sig-sauer-p365-signature-pistol-fde-rainier-arms-exclusive/
https://devaws2.rainierarms.com/agency-arms-glock-19-syndicate-barrel/
https://devaws2.rainierarms.com/geissele-super-gas-block/
https://devaws2.rainierarms.com/adams-arms-p2-556-nato-complete-upper/
https://devaws2.rainierarms.com/adams-arms-piston-kit-p-series-adj-micro-block-low-mass/
https://devaws2.rainierarms.com/fightlite-ar-15-belt-and-mag-feed-upper-receiver-assembly-mlok/
https://devaws2.rainierarms.com/agency-arms-glock-19-syndicate-barrel/
https://devaws2.rainierarms.com/glock-17-gen-5-9mm-17-rd-w-night-sights/
https://www.rainierarms.com/upper/complete-uppers/ar-15/
https://devaws2.rainierarms.com/tyrant-designs-glock-43-slide-cover-plate/
https://devaws2.rainierarms.com/tyrant-designs-glock-43-slide-cover-plate/
https://devaws2.rainierarms.com/rainier-arms-ultramatch-mod2-224-valkyrie-800-gas-block-1-gas-barrel-18-polish-fluted-12680/
https://devaws2.rainierarms.com/rainier-arms-ultramatch-mod2-224-valkyrie-800-gas-block-1-gas-barrel-18-polish-fluted-12680/
https://devaws2.rainierarms.com/geissele-ar-15-super-modular-rail-mk14-m-lok-15-black/
https://devaws2.rainierarms.com/glock-17-gen-5-9mm-17-rd-w-night-sights/
https://devaws2.rainierarms.com/upper-noveske-5-56mm-g3-light-shorty-10-5-sb/
https://devaws2.rainierarms.com/fightlite-ar-15-belt-and-mag-feed-upper-receiver-assembly-mlok/
https://devaws2.rainierarms.com/grey-ghost-precision-glock-43-slide-v1-13132/
https://devaws2.rainierarms.com/geissele-ar-15-super-modular-rail-mk14-m-lok-15-black/
https://devaws2.rainierarms.com/brace-built-modern-carbine-mc6-556-nato-rifle-16-main/
https://devaws2.rainierarms.com/upper-noveske-5-56mm-g3-light-shorty-10-5-sb/
https://devaws2.rainierarms.com/manufacturers/bravo-company-mfg/
https://www.rainierarms.com/parts/pistol-parts/pistol-slides/
https://devaws2.rainierarms.com/billet-rifle-systems-brs-muzzle-brake-2-chamber/
https://devaws2.rainierarms.com/brace-built-modern-carbine-mc6-556-nato-rifle-16-main/
https://devaws2.rainierarms.com/sig-sauer-9mm-147gr-elite-ball-fmj-ammunition-50-rd-box/
https://devaws2.rainierarms.com/sig-sauer-9mm-147gr-elite-ball-fmj-ammunition-50-rd-box/
https://devaws2.rainierarms.com/fn-509-tactical-9mm-blk-24rd-ns-tb/
https://devaws2.rainierarms.com/billet-rifle-systems-brs-muzzle-brake-2-chamber/
https://devaws2.rainierarms.com/breakthrough-military-grade-solvent-16-fl-oz-spray-bottle/
https://devaws2.rainierarms.com/manufacturers/bravo-company-mfg/
https://devaws2.rainierarms.com/holosun-he503r-gd-elite-circle-gold-dot-sight/
https://devaws2.rainierarms.com/breakthrough-military-grade-solvent-16-fl-oz-spray-bottle/
https://devaws2.rainierarms.com/axts-raptor-ambidextrous-charging-handle-5-56mm/
https://devaws2.rainierarms.com/fn-509-tactical-9mm-blk-24rd-ns-tb/
https://devaws2.rainierarms.com/griffin-armament-mk1-psd-223-wylde-w-sbpdw-brace-pistol-9-5/
https://devaws2.rainierarms.com/holosun-he503r-gd-elite-circle-gold-dot-sight/
https://devaws2.rainierarms.com/lioe-design-phantom-s420-scissors/
https://devaws2.rainierarms.com/griffin-armament-mk1-psd-223-wylde-w-sbpdw-brace-pistol-9-5/
https://devaws2.rainierarms.com/daniel-defense-slim-keymod-handguard-15-0/
https://devaws2.rainierarms.com/lioe-design-phantom-s420-scissors/
https://devaws2.rainierarms.com/faxon-firearms-glock-19-flamed-barrel-threaded-nitride/
https://devaws2.rainierarms.com/axts-raptor-ambidextrous-charging-handle-5-56mm/
https://devaws2.rainierarms.com/slr-rifleworks-ion-lite-handguard-10-5-mlok/
https://devaws2.rainierarms.com/daniel-defense-slim-keymod-handguard-15-0/
https://devaws2.rainierarms.com/h-k-p30-vp9-9mm-magazine-15rd/
https://www.rainierarms.com/upper/handguard-systems/ar-15-handguards/
https://devaws2.rainierarms.com/breakthrough-battle-born-hp-pro-lubricant-and-protectant-2-fl-oz-bottle/
https://devaws2.rainierarms.com/h-k-p30-vp9-9mm-magazine-15rd/
https://devaws2.rainierarms.com/caa-micro-conversion-kit-mck-stabilizer-sig-sauer-p320-tungsten-gray/
https://devaws2.rainierarms.com/faxon-firearms-glock-19-flamed-barrel-threaded-nitride/
https://devaws2.rainierarms.com/mid-evil-industries-360-rfg-rotating-fore-grip-stubby-keymod-black/
https://devaws2.rainierarms.com/caa-micro-conversion-kit-mck-stabilizer-sig-sauer-p320-tungsten-gray/
https://devaws2.rainierarms.com/lower/stripped-lower-receivers/ar-15-stripped-lower-receivers/noveske/
https://devaws2.rainierarms.com/breakthrough-battle-born-hp-pro-lubricant-and-protectant-2-fl-oz-bottle/
https://devaws2.rainierarms.com/barrett-rec7-5-56-nato-flyweight-rifle-black-cerakote-16/
https://devaws2.rainierarms.com/lower/stripped-lower-receivers/ar-15-stripped-lower-receivers/noveske/
https://devaws2.rainierarms.com/manufacturers/inforce/
https://devaws2.rainierarms.com/mid-evil-industries-360-rfg-rotating-fore-grip-stubby-keymod-black/
https://devaws2.rainierarms.com/rainier-arms-s2a-22lr-ar-15-complete-upper-16/
https://devaws2.rainierarms.com/barrett-rec7-5-56-nato-flyweight-rifle-black-cerakote-16/
https://devaws2.rainierarms.com/strike-industries-r-ex-riser-black/
https://devaws2.rainierarms.com/manufacturers/inforce/
https://devaws2.rainierarms.com/bsf-barrels-300blk-pistol-gas-1-8-twist-8-5/
https://www.rainierarms.com/upper/complete-uppers/other-caliber/
https://devaws2.rainierarms.com/springfield-armory-hellcat-osp-9mm-micro-compact-optics-ready-pistol/
https://devaws2.rainierarms.com/strike-industries-r-ex-riser-black/
https://devaws2.rainierarms.com/primary-weapons-systems-ar-15-mk1-mod-2-upper-14-5-barrel-12-mlok-rail-223-wylde-pinned-fsc-556/
https://devaws2.rainierarms.com/springfield-armory-hellcat-osp-9mm-micro-compact-optics-ready-pistol/
https://devaws2.rainierarms.com/kriss-low-profile-rail-sling-mount-reversible/
https://devaws2.rainierarms.com/bsf-barrels-300blk-pistol-gas-1-8-twist-8-5/
https://devaws2.rainierarms.com/danger-close-armament-glock-17-dca17-select-match-barrel/
https://devaws2.rainierarms.com/kriss-low-profile-rail-sling-mount-reversible/
https://devaws2.rainierarms.com/praetor-defense-combo-mag-pouch-sig-9-40-surefire-defender/
https://devaws2.rainierarms.com/danger-close-armament-glock-17-dca17-select-match-barrel/
Zavrsio je krug...
https://devaws2.rainierarms.com/primary-weapons-systems-ar-15-mk1-mod-2-upper-14-5-barrel-12-mlok-rail-223-wylde-pinned-fsc-556/
https://devaws2.rainierarms.com/zero-tolerance-knife-0562cf-hinderer-carbon-fiber/
https://www.rainierarms.com/accessories/holsters/
https://devaws2.rainierarms.com/nemo-arms-reaper-qd-338-lapua-suppressor/
]]></system-out>
    <system-err><![CDATA[SLF4J: Failed to load class "org.slf4j.impl.StaticLoggerBinder".
SLF4J: Defaulting to no-operation (NOP) logger implementation
SLF4J: See http://www.slf4j.org/codes.html#StaticLoggerBinder for further details.
Starting ChromeDriver 84.0.4147.30 (48b3e868b4cc0aa7e8149519690b6f6949e110a8-refs/branch-heads/4147@{#310}) on port 12066
OnlSyt laorctailn gc oCnhnercotmieoDnsr iavreer  a84.0l.l4o1w4e7d..30
 P(l4e8abs3ee 8s6e8eb 4hctct0pasa:7/e/8c1h4r9519690b6of6m94e9ed1r1i0vae8r-.rcehfrso/mbiruamn.cohr-gh/esaedcsu/r4i1t4y7-@c{o#n3s1i0d}e)r aotni opnosr tf or2 8s1u1g2ge
sOtniloyn locsal  oconn nkeecetpiionngs  Cahrreo maelDlowedr.
Pilevaeser  sseaef eh.tt
ps://chromedriver.chromium.org/security-considerations for suggestions on keeSpitnag rCthirong CmhreoDmerDirvievrer  s8a4f.e0..4
147.30 (48b3e868b4cc0aa7e8149519690b6f6949e110a8-refs/branch-heads/4147@{#310}) on port 35033
Only local connections are allowed.
Please see https://chromedriver.chromium.org/security-considerations for suggestions on keeping ChromeDriver safe.
ChromeDriver was started successfully.
ChromeDriver was started successfully.
ChromeDriver was started successfully.
Jul 25, 2020 5:33:50 PM org.openqa.selenium.remote.ProtocolHandshake createSession
INFO: Detected dialect: W3C
Jul 25, 2020 5:33:50 PM org.openqa.selenium.remote.ProtocolHandshake createSession
INFO: Detected dialect: W3C
Jul 25, 2020 5:33:50 PM org.openqa.selenium.remote.ProtocolHandshake createSession
INFO: Detected dialect: W3C
]]></system-err>
  </testcase>
  <testcase name="test" classname="test.LinksFromMagentoSiteMapTestParallel" time="91.206">
    <system-out><![CDATA[https://devaws2.rainierarms.com/zero-tolerance-knife-0562cf-hinderer-carbon-fiber/
https://devaws2.rainierarms.com/manufacturers/cat-outdoors/
https://devaws2.rainierarms.com/nemo-arms-reaper-qd-338-lapua-suppressor/
https://devaws2.rainierarms.com/bcm-gunfighter-vertical-grip-short-mod-3-picatinny-flat-dark-earth/
https://devaws2.rainierarms.com/manufacturers/cat-outdoors/
https://devaws2.rainierarms.com/rise-armament-ra-303h-s-series-223-wylde-rifle-20-2/
https://devaws2.rainierarms.com/bcm-gunfighter-vertical-grip-short-mod-3-picatinny-flat-dark-earth/
https://devaws2.rainierarms.com/angstadt-arms-udp-9i-integrally-suppressed-9mm-complete-upper-11-9/
https://www.rainierarms.com/complete-firearms-class-iii/rifles/ar-15-rifles/
https://devaws2.rainierarms.com/statement-defense-glock-34-gen-3-sw-lightweight-stripped-slide-black-tungsten-trijicon-rmr-cut-rainier-arms-exclusive/
https://www.rainierarms.com/parts/pistol-parts/pistol-slides/
https://devaws2.rainierarms.com/jmt-black-ops-straight-single-stage-drop-in-trigger-w-anti-rotation-pins/
https://www.rainierarms.com/upper/complete-uppers/
Zavrsio je krug...
]]></system-out>
  </testcase>
  <testcase name="test" classname="test.LinksFromMagentoSiteMapTestParallel" time="97.956">
    <system-out><![CDATA[https://devaws2.rainierarms.com/jmt-black-ops-straight-single-stage-drop-in-trigger-w-anti-rotation-pins/
Zavrsio je krug...
]]></system-out>
  </testcase>
</testsuite>