<?xml version="1.0" encoding="UTF-8"?>
<testng-results ignored="0" total="3" passed="3" failed="0" skipped="0">
  <reporter-output>
  </reporter-output>
  <suite started-at="2020-07-25T15:33:47Z" name="Suite" finished-at="2020-07-25T15:35:25Z" duration-ms="98091">
    <groups>
    </groups>
    <test started-at="2020-07-25T15:33:47Z" name="Test" finished-at="2020-07-25T15:35:25Z" duration-ms="98091">
      <class name="test.LinksFromMagentoSiteMapTestParallel">
        <test-method is-config="true" signature="prepare()[pri:0, instance:test.LinksFromMagentoSiteMapTestParallel@58d75e99]" started-at="2020-07-25T15:33:35Z" name="prepare" finished-at="2020-07-25T15:33:47Z" duration-ms="12159" status="PASS">
          <reporter-output>
          </reporter-output>
        </test-method> <!-- prepare -->
        <test-method is-config="true" signature="driverSetup()[pri:0, instance:test.LinksFromMagentoSiteMapTestParallel@58d75e99]" started-at="2020-07-25T15:33:47Z" name="driverSetup" finished-at="2020-07-25T15:33:47Z" duration-ms="110" status="PASS">
          <reporter-output>
          </reporter-output>
        </test-method> <!-- driverSetup -->
        <test-method signature="test()[pri:0, instance:test.LinksFromMagentoSiteMapTestParallel@58d75e99]" started-at="2020-07-25T15:33:47Z" name="test" finished-at="2020-07-25T15:35:02Z" duration-ms="75363" status="PASS">
          <reporter-output>
          </reporter-output>
        </test-method> <!-- test -->
        <test-method signature="test()[pri:0, instance:test.LinksFromMagentoSiteMapTestParallel@58d75e99]" started-at="2020-07-25T15:33:47Z" name="test" finished-at="2020-07-25T15:35:18Z" duration-ms="91190" status="PASS">
          <reporter-output>
          </reporter-output>
        </test-method> <!-- test -->
        <test-method signature="test()[pri:0, instance:test.LinksFromMagentoSiteMapTestParallel@58d75e99]" started-at="2020-07-25T15:33:47Z" name="test" finished-at="2020-07-25T15:35:25Z" duration-ms="97966" status="PASS">
          <reporter-output>
          </reporter-output>
        </test-method> <!-- test -->
      </class> <!-- test.LinksFromMagentoSiteMapTestParallel -->
    </test> <!-- Test -->
  </suite> <!-- Suite -->
</testng-results>
